2025-07-21 23:12:02,807 - data_ingestion - INFO - Created sample data file: data\sample_movies.json
2025-07-21 23:12:02,807 - data_ingestion - INFO - Fetching 50 pages from TMDB API...
2025-07-21 23:12:03,215 - data_ingestion - INFO - Fetching page 1/50...
2025-07-21 23:12:03,342 - data_ingestion - INFO -   Page 1 status: 200, time: 0.13s
2025-07-21 23:12:03,343 - data_ingestion - INFO -   Added 20 movies from page 1
2025-07-21 23:12:03,943 - data_ingestion - INFO - Fetching page 2/50...
2025-07-21 23:12:04,074 - data_ingestion - INFO -   Page 2 status: 200, time: 0.13s
2025-07-21 23:12:04,075 - data_ingestion - INFO -   Added 20 movies from page 2
2025-07-21 23:12:04,775 - data_ingestion - INFO - Fetching page 3/50...
2025-07-21 23:12:04,907 - data_ingestion - INFO -   Page 3 status: 200, time: 0.13s
2025-07-21 23:12:04,907 - data_ingestion - INFO -   Added 20 movies from page 3
2025-07-21 23:12:05,708 - data_ingestion - INFO - Fetching page 4/50...
2025-07-21 23:12:05,839 - data_ingestion - INFO -   Page 4 status: 200, time: 0.13s
2025-07-21 23:12:05,839 - data_ingestion - INFO -   Added 20 movies from page 4
2025-07-21 23:12:06,740 - data_ingestion - INFO - Fetching page 5/50...
2025-07-21 23:12:06,871 - data_ingestion - INFO -   Page 5 status: 200, time: 0.13s
2025-07-21 23:12:06,871 - data_ingestion - INFO -   Added 20 movies from page 5
2025-07-21 23:12:07,871 - data_ingestion - INFO - Fetching page 6/50...
2025-07-21 23:12:08,001 - data_ingestion - INFO -   Page 6 status: 200, time: 0.13s
2025-07-21 23:12:08,001 - data_ingestion - INFO -   Added 20 movies from page 6
2025-07-21 23:12:09,101 - data_ingestion - INFO - Fetching page 7/50...
2025-07-21 23:12:09,233 - data_ingestion - INFO -   Page 7 status: 200, time: 0.13s
2025-07-21 23:12:09,233 - data_ingestion - INFO -   Added 20 movies from page 7
2025-07-21 23:12:10,433 - data_ingestion - INFO - Fetching page 8/50...
2025-07-21 23:12:10,561 - data_ingestion - INFO -   Page 8 status: 200, time: 0.13s
2025-07-21 23:12:10,562 - data_ingestion - INFO -   Added 20 movies from page 8
2025-07-21 23:12:11,862 - data_ingestion - INFO - Fetching page 9/50...
2025-07-21 23:12:11,992 - data_ingestion - INFO -   Page 9 status: 200, time: 0.13s
2025-07-21 23:12:11,992 - data_ingestion - INFO -   Added 20 movies from page 9
2025-07-21 23:12:13,393 - data_ingestion - INFO - Fetching page 10/50...
2025-07-21 23:12:13,675 - data_ingestion - INFO -   Page 10 status: 200, time: 0.28s
2025-07-21 23:12:13,675 - data_ingestion - INFO -   Added 20 movies from page 10
2025-07-21 23:12:14,176 - data_ingestion - INFO - Fetching page 11/50...
2025-07-21 23:12:14,308 - data_ingestion - INFO -   Page 11 status: 200, time: 0.13s
2025-07-21 23:12:14,308 - data_ingestion - INFO -   Added 20 movies from page 11
2025-07-21 23:12:14,908 - data_ingestion - INFO - Fetching page 12/50...
2025-07-21 23:12:15,041 - data_ingestion - INFO -   Page 12 status: 200, time: 0.13s
2025-07-21 23:12:15,042 - data_ingestion - INFO -   Added 20 movies from page 12
2025-07-21 23:12:15,742 - data_ingestion - INFO - Fetching page 13/50...
2025-07-21 23:12:15,873 - data_ingestion - INFO -   Page 13 status: 200, time: 0.13s
2025-07-21 23:12:15,873 - data_ingestion - INFO -   Added 20 movies from page 13
2025-07-21 23:12:16,673 - data_ingestion - INFO - Fetching page 14/50...
2025-07-21 23:12:16,803 - data_ingestion - INFO -   Page 14 status: 200, time: 0.13s
2025-07-21 23:12:16,803 - data_ingestion - INFO -   Added 20 movies from page 14
2025-07-21 23:12:17,703 - data_ingestion - INFO - Fetching page 15/50...
2025-07-21 23:12:17,831 - data_ingestion - INFO -   Page 15 status: 200, time: 0.13s
2025-07-21 23:12:17,831 - data_ingestion - INFO -   Added 20 movies from page 15
2025-07-21 23:12:18,832 - data_ingestion - INFO - Fetching page 16/50...
2025-07-21 23:12:18,963 - data_ingestion - INFO -   Page 16 status: 200, time: 0.13s
2025-07-21 23:12:18,964 - data_ingestion - INFO -   Added 20 movies from page 16
2025-07-21 23:12:20,064 - data_ingestion - INFO - Fetching page 17/50...
2025-07-21 23:12:20,195 - data_ingestion - INFO -   Page 17 status: 200, time: 0.13s
2025-07-21 23:12:20,196 - data_ingestion - INFO -   Added 20 movies from page 17
2025-07-21 23:12:21,396 - data_ingestion - INFO - Fetching page 18/50...
2025-07-21 23:12:21,527 - data_ingestion - INFO -   Page 18 status: 200, time: 0.13s
2025-07-21 23:12:21,527 - data_ingestion - INFO -   Added 20 movies from page 18
2025-07-21 23:12:22,828 - data_ingestion - INFO - Fetching page 19/50...
2025-07-21 23:12:22,978 - data_ingestion - INFO -   Page 19 status: 200, time: 0.14s
2025-07-21 23:12:22,979 - data_ingestion - INFO -   Added 20 movies from page 19
2025-07-21 23:12:24,379 - data_ingestion - INFO - Fetching page 20/50...
2025-07-21 23:12:24,506 - data_ingestion - INFO -   Page 20 status: 200, time: 0.13s
2025-07-21 23:12:24,506 - data_ingestion - INFO -   Added 20 movies from page 20
2025-07-21 23:12:25,007 - data_ingestion - INFO - Fetching page 21/50...
2025-07-21 23:12:25,136 - data_ingestion - INFO -   Page 21 status: 200, time: 0.12s
2025-07-21 23:12:25,136 - data_ingestion - INFO -   Added 20 movies from page 21
2025-07-21 23:12:25,736 - data_ingestion - INFO - Fetching page 22/50...
2025-07-21 23:12:25,870 - data_ingestion - INFO -   Page 22 status: 200, time: 0.13s
2025-07-21 23:12:25,870 - data_ingestion - INFO -   Added 20 movies from page 22
2025-07-21 23:12:26,571 - data_ingestion - INFO - Fetching page 23/50...
2025-07-21 23:12:26,719 - data_ingestion - INFO -   Page 23 status: 200, time: 0.15s
2025-07-21 23:12:26,720 - data_ingestion - INFO -   Added 20 movies from page 23
2025-07-21 23:12:27,520 - data_ingestion - INFO - Fetching page 24/50...
2025-07-21 23:12:27,765 - data_ingestion - INFO -   Page 24 status: 200, time: 0.24s
2025-07-21 23:12:27,765 - data_ingestion - INFO -   Added 20 movies from page 24
2025-07-21 23:12:28,666 - data_ingestion - INFO - Fetching page 25/50...
2025-07-21 23:12:28,799 - data_ingestion - INFO -   Page 25 status: 200, time: 0.13s
2025-07-21 23:12:28,799 - data_ingestion - INFO -   Added 20 movies from page 25
2025-07-21 23:12:29,800 - data_ingestion - INFO - Fetching page 26/50...
2025-07-21 23:12:29,936 - data_ingestion - INFO -   Page 26 status: 200, time: 0.13s
2025-07-21 23:12:29,936 - data_ingestion - INFO -   Added 20 movies from page 26
2025-07-21 23:12:31,037 - data_ingestion - INFO - Fetching page 27/50...
2025-07-21 23:12:31,168 - data_ingestion - INFO -   Page 27 status: 200, time: 0.13s
2025-07-21 23:12:31,169 - data_ingestion - INFO -   Added 20 movies from page 27
2025-07-21 23:12:32,370 - data_ingestion - INFO - Fetching page 28/50...
2025-07-21 23:12:32,614 - data_ingestion - INFO -   Page 28 status: 200, time: 0.24s
2025-07-21 23:12:32,615 - data_ingestion - INFO -   Added 20 movies from page 28
2025-07-21 23:12:33,915 - data_ingestion - INFO - Fetching page 29/50...
2025-07-21 23:12:34,050 - data_ingestion - INFO -   Page 29 status: 200, time: 0.13s
2025-07-21 23:12:34,051 - data_ingestion - INFO -   Added 20 movies from page 29
2025-07-21 23:12:35,451 - data_ingestion - INFO - Fetching page 30/50...
2025-07-21 23:12:35,584 - data_ingestion - INFO -   Page 30 status: 200, time: 0.13s
2025-07-21 23:12:35,585 - data_ingestion - INFO -   Added 20 movies from page 30
2025-07-21 23:12:36,086 - data_ingestion - INFO - Fetching page 31/50...
2025-07-21 23:12:36,214 - data_ingestion - INFO -   Page 31 status: 200, time: 0.13s
2025-07-21 23:12:36,215 - data_ingestion - INFO -   Added 20 movies from page 31
2025-07-21 23:12:36,815 - data_ingestion - INFO - Fetching page 32/50...
2025-07-21 23:12:36,951 - data_ingestion - INFO -   Page 32 status: 200, time: 0.13s
2025-07-21 23:12:36,952 - data_ingestion - INFO -   Added 20 movies from page 32
2025-07-21 23:12:37,652 - data_ingestion - INFO - Fetching page 33/50...
2025-07-21 23:12:37,786 - data_ingestion - INFO -   Page 33 status: 200, time: 0.13s
2025-07-21 23:12:37,787 - data_ingestion - INFO -   Added 20 movies from page 33
2025-07-21 23:12:38,587 - data_ingestion - INFO - Fetching page 34/50...
2025-07-21 23:12:38,735 - data_ingestion - INFO -   Page 34 status: 200, time: 0.14s
2025-07-21 23:12:38,735 - data_ingestion - INFO -   Added 20 movies from page 34
2025-07-21 23:12:39,637 - data_ingestion - INFO - Fetching page 35/50...
2025-07-21 23:12:39,887 - data_ingestion - INFO -   Page 35 status: 200, time: 0.25s
2025-07-21 23:12:39,888 - data_ingestion - INFO -   Added 20 movies from page 35
2025-07-21 23:12:40,888 - data_ingestion - INFO - Fetching page 36/50...
2025-07-21 23:12:41,019 - data_ingestion - INFO -   Page 36 status: 200, time: 0.13s
2025-07-21 23:12:41,020 - data_ingestion - INFO -   Added 20 movies from page 36
2025-07-21 23:12:42,120 - data_ingestion - INFO - Fetching page 37/50...
2025-07-21 23:12:42,256 - data_ingestion - INFO -   Page 37 status: 200, time: 0.13s
2025-07-21 23:12:42,256 - data_ingestion - INFO -   Added 20 movies from page 37
2025-07-21 23:12:43,456 - data_ingestion - INFO - Fetching page 38/50...
2025-07-21 23:12:43,586 - data_ingestion - INFO -   Page 38 status: 200, time: 0.13s
2025-07-21 23:12:43,587 - data_ingestion - INFO -   Added 20 movies from page 38
2025-07-21 23:12:44,887 - data_ingestion - INFO - Fetching page 39/50...
2025-07-21 23:12:45,022 - data_ingestion - INFO -   Page 39 status: 200, time: 0.13s
2025-07-21 23:12:45,022 - data_ingestion - INFO -   Added 20 movies from page 39
2025-07-21 23:12:46,422 - data_ingestion - INFO - Fetching page 40/50...
2025-07-21 23:12:46,570 - data_ingestion - INFO -   Page 40 status: 200, time: 0.14s
2025-07-21 23:12:46,570 - data_ingestion - INFO -   Added 20 movies from page 40
2025-07-21 23:12:47,070 - data_ingestion - INFO - Fetching page 41/50...
2025-07-21 23:12:47,203 - data_ingestion - INFO -   Page 41 status: 200, time: 0.13s
2025-07-21 23:12:47,203 - data_ingestion - INFO -   Added 20 movies from page 41
2025-07-21 23:12:47,804 - data_ingestion - INFO - Fetching page 42/50...
2025-07-21 23:12:47,936 - data_ingestion - INFO -   Page 42 status: 200, time: 0.13s
2025-07-21 23:12:47,936 - data_ingestion - INFO -   Added 20 movies from page 42
2025-07-21 23:12:48,637 - data_ingestion - INFO - Fetching page 43/50...
2025-07-21 23:12:48,770 - data_ingestion - INFO -   Page 43 status: 200, time: 0.13s
2025-07-21 23:12:48,770 - data_ingestion - INFO -   Added 20 movies from page 43
2025-07-21 23:12:49,571 - data_ingestion - INFO - Fetching page 44/50...
2025-07-21 23:12:49,706 - data_ingestion - INFO -   Page 44 status: 200, time: 0.13s
2025-07-21 23:12:49,706 - data_ingestion - INFO -   Added 20 movies from page 44
2025-07-21 23:12:50,607 - data_ingestion - INFO - Fetching page 45/50...
2025-07-21 23:12:50,738 - data_ingestion - INFO -   Page 45 status: 200, time: 0.13s
2025-07-21 23:12:50,738 - data_ingestion - INFO -   Added 20 movies from page 45
2025-07-21 23:12:51,739 - data_ingestion - INFO - Fetching page 46/50...
2025-07-21 23:12:51,870 - data_ingestion - INFO -   Page 46 status: 200, time: 0.13s
2025-07-21 23:12:51,870 - data_ingestion - INFO -   Added 20 movies from page 46
2025-07-21 23:12:52,971 - data_ingestion - INFO - Fetching page 47/50...
2025-07-21 23:12:53,103 - data_ingestion - INFO -   Page 47 status: 200, time: 0.13s
2025-07-21 23:12:53,103 - data_ingestion - INFO -   Added 20 movies from page 47
2025-07-21 23:12:54,304 - data_ingestion - INFO - Fetching page 48/50...
2025-07-21 23:12:54,436 - data_ingestion - INFO -   Page 48 status: 200, time: 0.13s
2025-07-21 23:12:54,437 - data_ingestion - INFO -   Added 20 movies from page 48
2025-07-21 23:12:55,737 - data_ingestion - INFO - Fetching page 49/50...
2025-07-21 23:12:55,867 - data_ingestion - INFO -   Page 49 status: 200, time: 0.13s
2025-07-21 23:12:55,868 - data_ingestion - INFO -   Added 20 movies from page 49
2025-07-21 23:12:57,268 - data_ingestion - INFO - Fetching page 50/50...
2025-07-21 23:12:57,400 - data_ingestion - INFO -   Page 50 status: 200, time: 0.13s
2025-07-21 23:12:57,401 - data_ingestion - INFO -   Added 20 movies from page 50
2025-07-21 23:12:57,401 - data_ingestion - INFO - 
Successfully fetched 1000 movies from 50 pages
2025-07-21 23:12:57,412 - data_ingestion - INFO - Loading Kaggle TMDB dataset...
2025-07-21 23:13:07,267 - data_ingestion - INFO - Found 237 duplicate movie IDs - removing duplicates
2025-07-21 23:13:07,281 - data_ingestion - INFO - Found 2 invalid date formats - cleaning...
2025-07-21 23:13:07,673 - data_ingestion - INFO - Found 991 duplicate movie IDs - removing duplicates
2025-07-21 23:13:09,520 - data_ingestion - INFO - Found 240410 invalid date formats - cleaning...
2025-07-21 23:13:11,070 - data_ingestion - INFO - Found 22 future dates - cleaning...
2025-07-21 23:13:12,602 - data_ingestion - INFO - Stored/updated 763 movies from API
2025-07-21 23:13:20,441 - data_ingestion - INFO - Added 1257172 new movies from Kaggle
2025-07-21 23:13:20,442 - data_ingestion - INFO - Total movies in database: 1257935
2025-07-21 23:13:20,442 - data_ingestion - INFO - Data stored/updated in DuckDB: data\movies.duckdb
2025-07-21 23:13:20,633 - data_ingestion - INFO - Initial data stored successfully!
2025-07-21 23:13:20,634 - data_ingestion - INFO - Initial data ingestion completed. Exiting.
