2025-07-26 23:13:07,395 - model_training - INFO - Movie Recommendation Model Training - Optimized CPU Version
2025-07-26 23:13:07,395 - model_training - INFO - ==========================================================
2025-07-26 23:13:07,395 - model_training - INFO - Hardware Constraints: 8GB RAM
2025-07-26 23:13:07,395 - model_training - INFO - Initial Batch Size: 20000
2025-07-26 23:13:07,396 - model_training - INFO - Starting model training process...
2025-07-26 23:13:07,396 - model_training - INFO - Starting memory monitor thread...
2025-07-26 23:13:07,409 - model_training - INFO - Memory usage: 88.6% (Used: 6.50GB, Available: 0.84GB)
2025-07-26 23:13:10,987 - model_training - INFO - Successfully loaded 1257935 movies from database
2025-07-26 23:13:15,649 - model_training - INFO - Data preprocessing complete. Features: ['id', 'title', 'release_date', 'poster_path', 'content', 'weighted_rating', 'norm_rating', 'last_updated']
2025-07-26 23:13:15,650 - model_training - INFO - Training content-based model with ANN (nmslib)...
2025-07-26 23:13:16,094 - model_training - INFO - Building TF-IDF matrix in batches...
2025-07-26 23:13:28,918 - model_training - INFO - Processed 100000/1257935 documents
2025-07-26 23:13:33,034 - model_training - INFO - Processed 200000/1257935 documents
2025-07-26 23:13:36,082 - model_training - INFO - Processed 300000/1257935 documents
2025-07-26 23:13:39,066 - model_training - INFO - Processed 400000/1257935 documents
2025-07-26 23:13:42,797 - model_training - INFO - Processed 500000/1257935 documents
2025-07-26 23:13:46,098 - model_training - INFO - Processed 600000/1257935 documents
2025-07-26 23:13:49,286 - model_training - INFO - Processed 700000/1257935 documents
2025-07-26 23:13:52,982 - model_training - INFO - Processed 800000/1257935 documents
2025-07-26 23:13:56,150 - model_training - INFO - Processed 900000/1257935 documents
2025-07-26 23:14:00,248 - model_training - INFO - Processed 1000000/1257935 documents
2025-07-26 23:14:04,084 - model_training - INFO - Processed 1100000/1257935 documents
2025-07-26 23:14:07,433 - model_training - INFO - Memory usage: 78.5% (Used: 5.77GB, Available: 1.58GB)
2025-07-26 23:14:07,745 - model_training - INFO - Processed 1200000/1257935 documents
2025-07-26 23:14:09,853 - model_training - INFO - Processed 1257935/1257935 documents
2025-07-26 23:14:09,905 - model_training - INFO - TF-IDF matrix construction complete
2025-07-26 23:14:09,963 - model_training - INFO - Building ANN index...
2025-07-26 23:14:10,487 - nmslib - INFO - M                   = 12
2025-07-26 23:14:10,487 - nmslib - INFO - indexThreadQty      = 4
2025-07-26 23:14:10,487 - nmslib - INFO - efConstruction      = 100
2025-07-26 23:14:10,487 - nmslib - INFO - maxM			          = 12
2025-07-26 23:14:10,488 - nmslib - INFO - maxM0			          = 24
2025-07-26 23:14:10,488 - nmslib - INFO - mult                = 0.40243
2025-07-26 23:14:10,488 - nmslib - INFO - skip_optimized_index= 0
2025-07-26 23:14:10,488 - nmslib - INFO - delaunay_type       = 2
2025-07-26 23:14:10,488 - nmslib - INFO - Set HNSW query-time parameters:
2025-07-26 23:14:10,489 - nmslib - INFO - ef(Search)         =20
2025-07-26 23:14:10,489 - nmslib - INFO - algoType           =2
2025-07-26 23:15:07,465 - model_training - INFO - Memory usage: 86.4% (Used: 6.34GB, Available: 1.00GB)
2025-07-26 23:16:07,470 - model_training - INFO - Memory usage: 84.8% (Used: 6.23GB, Available: 1.12GB)
2025-07-26 23:16:14,653 - nmslib - INFO - No appropriate custom distance function for cosinesimil_sparse
2025-07-26 23:16:14,654 - nmslib - INFO - searchMethod			  = 0
2025-07-26 23:16:14,654 - model_training - INFO - Finding nearest neighbors in batches...
2025-07-26 23:16:14,715 - model_training - WARNING - High memory usage (85.3%), reducing batch size to 14000
2025-07-26 23:16:14,715 - model_training - INFO - Processing batch 0 to 14000 (size: 14000)
2025-07-26 23:17:07,475 - model_training - INFO - Memory usage: 86.3% (Used: 6.34GB, Available: 1.01GB)
2025-07-26 23:18:07,479 - model_training - INFO - Memory usage: 86.9% (Used: 6.39GB, Available: 0.96GB)
2025-07-26 23:19:07,484 - model_training - INFO - Memory usage: 85.9% (Used: 6.31GB, Available: 1.04GB)
2025-07-26 23:20:07,488 - model_training - INFO - Memory usage: 86.1% (Used: 6.32GB, Available: 1.02GB)
2025-07-26 23:21:07,492 - model_training - INFO - Memory usage: 86.6% (Used: 6.36GB, Available: 0.99GB)
2025-07-26 23:21:47,502 - model_training - WARNING - High memory usage (86.5%), reducing batch size to 9800
2025-07-26 23:21:47,503 - model_training - INFO - Processing batch 14000 to 23800 (size: 9800)
2025-07-26 23:22:07,497 - model_training - INFO - Memory usage: 86.6% (Used: 6.36GB, Available: 0.98GB)
2025-07-26 23:23:07,501 - model_training - INFO - Memory usage: 87.3% (Used: 6.41GB, Available: 0.94GB)
2025-07-26 23:24:07,505 - model_training - INFO - Memory usage: 86.8% (Used: 6.38GB, Available: 0.97GB)
2025-07-26 23:25:07,511 - model_training - INFO - Memory usage: 87.0% (Used: 6.39GB, Available: 0.96GB)
2025-07-26 23:25:36,231 - model_training - WARNING - High memory usage (87.0%), reducing batch size to 6860
2025-07-26 23:25:36,231 - model_training - INFO - Processing batch 23800 to 30660 (size: 6860)
2025-07-26 23:26:07,515 - model_training - INFO - Memory usage: 86.9% (Used: 6.39GB, Available: 0.96GB)
2025-07-26 23:27:07,520 - model_training - INFO - Memory usage: 86.5% (Used: 6.36GB, Available: 0.99GB)
2025-07-26 23:28:07,524 - model_training - INFO - Memory usage: 86.2% (Used: 6.33GB, Available: 1.02GB)
2025-07-26 23:28:14,889 - model_training - WARNING - High memory usage (86.1%), reducing batch size to 5000
2025-07-26 23:28:14,889 - model_training - INFO - Processing batch 30660 to 35660 (size: 5000)
2025-07-26 23:29:07,530 - model_training - INFO - Memory usage: 79.0% (Used: 5.80GB, Available: 1.54GB)
2025-07-26 23:30:07,535 - model_training - INFO - Memory usage: 71.8% (Used: 5.28GB, Available: 2.07GB)
2025-07-26 23:30:13,324 - model_training - INFO - Processing batch 35660 to 40660 (size: 5000)
2025-07-26 23:31:07,540 - model_training - INFO - Memory usage: 77.8% (Used: 5.72GB, Available: 1.63GB)
2025-07-26 23:32:07,544 - model_training - INFO - Memory usage: 76.5% (Used: 5.62GB, Available: 1.73GB)
2025-07-26 23:32:52,132 - model_training - INFO - Processing batch 40660 to 45660 (size: 5000)
2025-07-26 23:33:07,548 - model_training - INFO - Memory usage: 77.7% (Used: 5.71GB, Available: 1.64GB)
2025-07-26 23:34:07,552 - model_training - INFO - Memory usage: 77.4% (Used: 5.69GB, Available: 1.66GB)
2025-07-26 23:35:07,557 - model_training - INFO - Memory usage: 77.2% (Used: 5.67GB, Available: 1.67GB)
2025-07-26 23:35:31,798 - model_training - INFO - Processing batch 45660 to 50660 (size: 5000)
2025-07-26 23:36:07,561 - model_training - INFO - Memory usage: 78.0% (Used: 5.73GB, Available: 1.61GB)
2025-07-26 23:37:07,565 - model_training - INFO - Memory usage: 78.0% (Used: 5.73GB, Available: 1.62GB)
2025-07-26 23:38:07,569 - model_training - INFO - Memory usage: 78.0% (Used: 5.73GB, Available: 1.61GB)
2025-07-26 23:38:12,275 - model_training - INFO - Processing batch 50660 to 55660 (size: 5000)
2025-07-26 23:39:07,574 - model_training - INFO - Memory usage: 79.0% (Used: 5.80GB, Available: 1.54GB)
2025-07-26 23:40:07,578 - model_training - INFO - Memory usage: 78.6% (Used: 5.77GB, Available: 1.58GB)
2025-07-26 23:40:54,265 - model_training - INFO - Processing batch 55660 to 60660 (size: 5000)
2025-07-26 23:41:07,583 - model_training - INFO - Memory usage: 78.8% (Used: 5.79GB, Available: 1.56GB)
2025-07-26 23:42:07,587 - model_training - INFO - Memory usage: 78.1% (Used: 5.74GB, Available: 1.61GB)
2025-07-26 23:43:07,591 - model_training - INFO - Memory usage: 78.3% (Used: 5.75GB, Available: 1.59GB)
2025-07-26 23:43:33,965 - model_training - INFO - Processing batch 60660 to 65660 (size: 5000)
2025-07-26 23:44:07,596 - model_training - INFO - Memory usage: 78.6% (Used: 5.78GB, Available: 1.57GB)
2025-07-26 23:45:07,600 - model_training - INFO - Memory usage: 78.9% (Used: 5.80GB, Available: 1.55GB)
2025-07-26 23:46:07,604 - model_training - INFO - Memory usage: 79.0% (Used: 5.81GB, Available: 1.54GB)
2025-07-26 23:46:12,906 - model_training - INFO - Processing batch 65660 to 70660 (size: 5000)
2025-07-26 23:47:07,609 - model_training - INFO - Memory usage: 79.2% (Used: 5.82GB, Available: 1.53GB)
2025-07-26 23:48:07,613 - model_training - INFO - Memory usage: 79.2% (Used: 5.82GB, Available: 1.53GB)
2025-07-26 23:48:54,721 - model_training - INFO - Processing batch 70660 to 75660 (size: 5000)
2025-07-26 23:49:07,617 - model_training - INFO - Memory usage: 79.5% (Used: 5.84GB, Available: 1.51GB)
2025-07-26 23:50:07,622 - model_training - INFO - Memory usage: 79.5% (Used: 5.84GB, Available: 1.50GB)
2025-07-26 23:51:07,626 - model_training - INFO - Memory usage: 79.6% (Used: 5.85GB, Available: 1.50GB)
2025-07-26 23:51:35,325 - model_training - INFO - Processing batch 75660 to 80660 (size: 5000)
2025-07-26 23:52:07,630 - model_training - INFO - Memory usage: 79.6% (Used: 5.85GB, Available: 1.50GB)
2025-07-26 23:53:07,634 - model_training - INFO - Memory usage: 79.7% (Used: 5.85GB, Available: 1.49GB)
2025-07-26 23:54:06,049 - model_training - INFO - Processing batch 80660 to 85660 (size: 5000)
2025-07-26 23:54:07,652 - model_training - INFO - Memory usage: 79.9% (Used: 5.87GB, Available: 1.47GB)
2025-07-26 23:55:07,682 - model_training - INFO - Memory usage: 80.0% (Used: 5.87GB, Available: 1.47GB)
2025-07-26 23:56:07,686 - model_training - INFO - Memory usage: 79.9% (Used: 5.87GB, Available: 1.48GB)
2025-07-26 23:56:46,608 - model_training - INFO - Processing batch 85660 to 90660 (size: 5000)
2025-07-26 23:57:07,691 - model_training - INFO - Memory usage: 79.6% (Used: 5.85GB, Available: 1.50GB)
2025-07-26 23:58:07,695 - model_training - INFO - Memory usage: 79.7% (Used: 5.86GB, Available: 1.49GB)
2025-07-26 23:59:07,699 - model_training - INFO - Memory usage: 80.8% (Used: 5.94GB, Available: 1.41GB)
2025-07-26 23:59:27,273 - model_training - INFO - Processing batch 90660 to 95660 (size: 5000)
2025-07-27 00:00:07,703 - model_training - INFO - Memory usage: 81.1% (Used: 5.96GB, Available: 1.39GB)
2025-07-27 00:01:07,707 - model_training - INFO - Memory usage: 81.0% (Used: 5.95GB, Available: 1.39GB)
2025-07-27 00:01:23,323 - model_training - INFO - Processing batch 95660 to 100660 (size: 5000)
2025-07-27 00:02:07,711 - model_training - INFO - Memory usage: 81.1% (Used: 5.96GB, Available: 1.39GB)
2025-07-27 00:03:07,716 - model_training - INFO - Memory usage: 81.3% (Used: 5.97GB, Available: 1.37GB)
2025-07-27 00:03:18,444 - model_training - INFO - Processing batch 100660 to 105660 (size: 5000)
2025-07-27 00:04:07,720 - model_training - INFO - Memory usage: 81.3% (Used: 5.97GB, Available: 1.37GB)
2025-07-27 00:05:07,724 - model_training - INFO - Memory usage: 81.2% (Used: 5.96GB, Available: 1.38GB)
2025-07-27 00:05:14,983 - model_training - INFO - Processing batch 105660 to 110660 (size: 5000)
2025-07-27 00:06:07,729 - model_training - INFO - Memory usage: 81.5% (Used: 5.99GB, Available: 1.36GB)
2025-07-27 00:07:07,733 - model_training - INFO - Memory usage: 81.6% (Used: 6.00GB, Available: 1.35GB)
2025-07-27 00:07:13,142 - model_training - INFO - Processing batch 110660 to 115660 (size: 5000)
2025-07-27 00:08:07,737 - model_training - INFO - Memory usage: 81.6% (Used: 6.00GB, Available: 1.35GB)
2025-07-27 00:09:07,741 - model_training - INFO - Memory usage: 83.1% (Used: 6.11GB, Available: 1.24GB)
2025-07-27 00:09:09,919 - model_training - INFO - Processing batch 115660 to 120660 (size: 5000)
2025-07-27 00:10:07,746 - model_training - INFO - Memory usage: 84.0% (Used: 6.17GB, Available: 1.18GB)
2025-07-27 00:11:07,121 - model_training - WARNING - High memory usage (85.5%), reducing batch size to 5000
2025-07-27 00:11:07,121 - model_training - INFO - Processing batch 120660 to 125660 (size: 5000)
2025-07-27 00:11:07,770 - model_training - INFO - Memory usage: 85.4% (Used: 6.27GB, Available: 1.08GB)
2025-07-27 00:12:07,801 - model_training - INFO - Memory usage: 84.5% (Used: 6.20GB, Available: 1.14GB)
2025-07-27 00:13:04,347 - model_training - INFO - Processing batch 125660 to 130660 (size: 5000)
2025-07-27 00:13:07,818 - model_training - INFO - Memory usage: 84.9% (Used: 6.23GB, Available: 1.11GB)
2025-07-27 00:14:07,849 - model_training - INFO - Memory usage: 84.8% (Used: 6.23GB, Available: 1.12GB)
2025-07-27 00:15:00,607 - model_training - INFO - Processing batch 130660 to 135660 (size: 5000)
2025-07-27 00:15:07,869 - model_training - INFO - Memory usage: 85.1% (Used: 6.25GB, Available: 1.10GB)
2025-07-27 00:16:07,901 - model_training - INFO - Memory usage: 84.9% (Used: 6.24GB, Available: 1.11GB)
2025-07-27 00:16:57,062 - model_training - INFO - Processing batch 135660 to 140660 (size: 5000)
2025-07-27 00:17:07,906 - model_training - INFO - Memory usage: 85.1% (Used: 6.25GB, Available: 1.09GB)
2025-07-27 00:18:07,910 - model_training - INFO - Memory usage: 85.1% (Used: 6.25GB, Available: 1.10GB)
2025-07-27 00:18:51,999 - model_training - INFO - Processing batch 140660 to 145660 (size: 5000)
2025-07-27 00:19:07,914 - model_training - INFO - Memory usage: 85.0% (Used: 6.25GB, Available: 1.10GB)
2025-07-27 00:20:07,919 - model_training - INFO - Memory usage: 84.8% (Used: 6.23GB, Available: 1.12GB)
2025-07-27 00:20:49,035 - model_training - INFO - Processing batch 145660 to 150660 (size: 5000)
2025-07-27 00:21:07,923 - model_training - INFO - Memory usage: 85.2% (Used: 6.26GB, Available: 1.09GB)
2025-07-27 00:22:07,928 - model_training - INFO - Memory usage: 85.1% (Used: 6.25GB, Available: 1.09GB)
2025-07-27 00:22:45,483 - model_training - WARNING - High memory usage (85.2%), reducing batch size to 5000
2025-07-27 00:22:45,484 - model_training - INFO - Processing batch 150660 to 155660 (size: 5000)
2025-07-27 00:23:07,932 - model_training - INFO - Memory usage: 85.0% (Used: 6.25GB, Available: 1.10GB)
2025-07-27 00:24:07,936 - model_training - INFO - Memory usage: 85.2% (Used: 6.26GB, Available: 1.09GB)
2025-07-27 00:24:41,451 - model_training - WARNING - High memory usage (85.3%), reducing batch size to 5000
2025-07-27 00:24:41,451 - model_training - INFO - Processing batch 155660 to 160660 (size: 5000)
2025-07-27 00:25:07,941 - model_training - INFO - Memory usage: 85.3% (Used: 6.26GB, Available: 1.08GB)
2025-07-27 00:26:07,944 - model_training - INFO - Memory usage: 85.2% (Used: 6.26GB, Available: 1.09GB)
2025-07-27 00:26:36,848 - model_training - WARNING - High memory usage (85.1%), reducing batch size to 5000
2025-07-27 00:26:36,848 - model_training - INFO - Processing batch 160660 to 165660 (size: 5000)
2025-07-27 00:27:07,948 - model_training - INFO - Memory usage: 85.3% (Used: 6.27GB, Available: 1.08GB)
2025-07-27 00:28:07,953 - model_training - INFO - Memory usage: 85.3% (Used: 6.26GB, Available: 1.08GB)
2025-07-27 00:28:31,563 - model_training - WARNING - High memory usage (85.2%), reducing batch size to 5000
2025-07-27 00:28:31,563 - model_training - INFO - Processing batch 165660 to 170660 (size: 5000)
2025-07-27 00:29:07,957 - model_training - INFO - Memory usage: 85.4% (Used: 6.27GB, Available: 1.07GB)
2025-07-27 00:30:07,961 - model_training - INFO - Memory usage: 82.0% (Used: 6.02GB, Available: 1.32GB)
2025-07-27 00:30:27,839 - model_training - INFO - Processing batch 170660 to 175660 (size: 5000)
2025-07-27 00:31:07,966 - model_training - INFO - Memory usage: 81.9% (Used: 6.02GB, Available: 1.33GB)
2025-07-27 00:32:07,971 - model_training - INFO - Memory usage: 80.8% (Used: 5.94GB, Available: 1.41GB)
2025-07-27 00:32:23,658 - model_training - INFO - Processing batch 175660 to 180660 (size: 5000)
2025-07-27 00:33:07,975 - model_training - INFO - Memory usage: 81.0% (Used: 5.95GB, Available: 1.40GB)
2025-07-27 00:34:07,979 - model_training - INFO - Memory usage: 80.7% (Used: 5.93GB, Available: 1.41GB)
2025-07-27 00:34:16,590 - model_training - INFO - Processing batch 180660 to 185660 (size: 5000)
2025-07-27 00:35:07,984 - model_training - INFO - Memory usage: 81.1% (Used: 5.96GB, Available: 1.39GB)
2025-07-27 00:36:07,988 - model_training - INFO - Memory usage: 81.2% (Used: 5.97GB, Available: 1.38GB)
2025-07-27 00:36:12,913 - model_training - INFO - Processing batch 185660 to 190660 (size: 5000)
2025-07-27 00:37:07,992 - model_training - INFO - Memory usage: 81.1% (Used: 5.96GB, Available: 1.39GB)
2025-07-27 00:38:07,997 - model_training - INFO - Memory usage: 80.4% (Used: 5.91GB, Available: 1.44GB)
2025-07-27 00:38:09,221 - model_training - INFO - Processing batch 190660 to 195660 (size: 5000)
2025-07-27 00:39:08,001 - model_training - INFO - Memory usage: 80.7% (Used: 5.93GB, Available: 1.42GB)
2025-07-27 00:40:05,286 - model_training - INFO - Processing batch 195660 to 200660 (size: 5000)
2025-07-27 00:40:08,016 - model_training - INFO - Memory usage: 80.7% (Used: 5.93GB, Available: 1.42GB)
2025-07-27 00:41:08,048 - model_training - INFO - Memory usage: 80.7% (Used: 5.93GB, Available: 1.42GB)
2025-07-27 00:42:02,071 - model_training - INFO - Processing batch 200660 to 205660 (size: 5000)
2025-07-27 00:42:08,066 - model_training - INFO - Memory usage: 80.6% (Used: 5.92GB, Available: 1.42GB)
2025-07-27 00:43:08,097 - model_training - INFO - Memory usage: 80.5% (Used: 5.91GB, Available: 1.43GB)
2025-07-27 00:43:56,715 - model_training - INFO - Processing batch 205660 to 210660 (size: 5000)
2025-07-27 00:44:08,102 - model_training - INFO - Memory usage: 80.6% (Used: 5.92GB, Available: 1.43GB)
2025-07-27 00:45:08,106 - model_training - INFO - Memory usage: 80.3% (Used: 5.90GB, Available: 1.44GB)
2025-07-27 00:45:51,942 - model_training - INFO - Processing batch 210660 to 215660 (size: 5000)
2025-07-27 00:46:08,110 - model_training - INFO - Memory usage: 80.7% (Used: 5.93GB, Available: 1.42GB)
2025-07-27 00:47:08,114 - model_training - INFO - Memory usage: 80.7% (Used: 5.93GB, Available: 1.42GB)
2025-07-27 00:47:46,941 - model_training - INFO - Processing batch 215660 to 220660 (size: 5000)
2025-07-27 00:48:08,118 - model_training - INFO - Memory usage: 80.7% (Used: 5.93GB, Available: 1.41GB)
2025-07-27 00:49:08,123 - model_training - INFO - Memory usage: 80.8% (Used: 5.94GB, Available: 1.41GB)
2025-07-27 00:49:42,351 - model_training - INFO - Processing batch 220660 to 225660 (size: 5000)
2025-07-27 00:50:08,136 - model_training - INFO - Memory usage: 80.9% (Used: 5.94GB, Available: 1.40GB)
2025-07-27 00:51:08,140 - model_training - INFO - Memory usage: 81.0% (Used: 5.95GB, Available: 1.40GB)
2025-07-27 00:51:37,878 - model_training - INFO - Processing batch 225660 to 230660 (size: 5000)
2025-07-27 00:52:08,144 - model_training - INFO - Memory usage: 81.0% (Used: 5.95GB, Available: 1.40GB)
2025-07-27 00:53:08,149 - model_training - INFO - Memory usage: 81.1% (Used: 5.96GB, Available: 1.39GB)
2025-07-27 00:53:34,717 - model_training - INFO - Processing batch 230660 to 235660 (size: 5000)
2025-07-27 00:54:08,154 - model_training - INFO - Memory usage: 81.2% (Used: 5.96GB, Available: 1.38GB)
2025-07-27 00:55:08,158 - model_training - INFO - Memory usage: 81.0% (Used: 5.95GB, Available: 1.40GB)
2025-07-27 00:55:30,948 - model_training - INFO - Processing batch 235660 to 240660 (size: 5000)
2025-07-27 00:56:08,163 - model_training - INFO - Memory usage: 81.1% (Used: 5.95GB, Available: 1.39GB)
2025-07-27 00:57:08,167 - model_training - INFO - Memory usage: 81.1% (Used: 5.96GB, Available: 1.39GB)
2025-07-27 00:57:26,409 - model_training - INFO - Processing batch 240660 to 245660 (size: 5000)
2025-07-27 00:58:08,171 - model_training - INFO - Memory usage: 81.0% (Used: 5.95GB, Available: 1.40GB)
2025-07-27 00:59:08,175 - model_training - INFO - Memory usage: 81.0% (Used: 5.95GB, Available: 1.39GB)
2025-07-27 00:59:22,142 - model_training - INFO - Processing batch 245660 to 250660 (size: 5000)
2025-07-27 01:00:08,180 - model_training - INFO - Memory usage: 81.1% (Used: 5.96GB, Available: 1.39GB)
2025-07-27 01:01:08,184 - model_training - INFO - Memory usage: 81.1% (Used: 5.96GB, Available: 1.39GB)
2025-07-27 01:01:19,251 - model_training - INFO - Processing batch 250660 to 255660 (size: 5000)
2025-07-27 01:02:08,188 - model_training - INFO - Memory usage: 81.2% (Used: 5.96GB, Available: 1.38GB)
2025-07-27 01:03:08,192 - model_training - INFO - Memory usage: 81.2% (Used: 5.97GB, Available: 1.38GB)
2025-07-27 01:03:15,528 - model_training - INFO - Processing batch 255660 to 260660 (size: 5000)
2025-07-27 01:04:08,195 - model_training - INFO - Memory usage: 81.3% (Used: 5.97GB, Available: 1.37GB)
2025-07-27 01:05:08,200 - model_training - INFO - Memory usage: 81.3% (Used: 5.97GB, Available: 1.37GB)
2025-07-27 01:05:11,792 - model_training - INFO - Processing batch 260660 to 265660 (size: 5000)
2025-07-27 01:06:08,205 - model_training - INFO - Memory usage: 81.4% (Used: 5.98GB, Available: 1.36GB)
2025-07-27 01:07:08,209 - model_training - INFO - Memory usage: 81.5% (Used: 5.98GB, Available: 1.36GB)
2025-07-27 01:07:08,294 - model_training - INFO - Processing batch 265660 to 270660 (size: 5000)
2025-07-27 01:08:08,213 - model_training - INFO - Memory usage: 81.4% (Used: 5.98GB, Available: 1.37GB)
2025-07-27 01:09:04,069 - model_training - INFO - Processing batch 270660 to 275660 (size: 5000)
2025-07-27 01:09:08,229 - model_training - INFO - Memory usage: 81.9% (Used: 6.01GB, Available: 1.33GB)
2025-07-27 01:10:08,262 - model_training - INFO - Memory usage: 82.0% (Used: 6.03GB, Available: 1.32GB)
2025-07-27 01:11:00,013 - model_training - INFO - Processing batch 275660 to 280660 (size: 5000)
2025-07-27 01:11:08,266 - model_training - INFO - Memory usage: 82.0% (Used: 6.03GB, Available: 1.32GB)
2025-07-27 01:12:08,269 - model_training - INFO - Memory usage: 82.2% (Used: 6.03GB, Available: 1.31GB)
2025-07-27 01:12:55,771 - model_training - INFO - Processing batch 280660 to 285660 (size: 5000)
2025-07-27 01:13:08,273 - model_training - INFO - Memory usage: 81.9% (Used: 6.01GB, Available: 1.33GB)
2025-07-27 01:14:08,278 - model_training - INFO - Memory usage: 81.9% (Used: 6.01GB, Available: 1.33GB)
2025-07-27 01:14:51,858 - model_training - INFO - Processing batch 285660 to 290660 (size: 5000)
2025-07-27 01:15:08,282 - model_training - INFO - Memory usage: 82.0% (Used: 6.02GB, Available: 1.32GB)
2025-07-27 01:16:08,286 - model_training - INFO - Memory usage: 82.0% (Used: 6.02GB, Available: 1.32GB)
2025-07-27 01:16:49,262 - model_training - INFO - Processing batch 290660 to 295660 (size: 5000)
2025-07-27 01:17:08,291 - model_training - INFO - Memory usage: 81.9% (Used: 6.02GB, Available: 1.33GB)
2025-07-27 01:18:08,295 - model_training - INFO - Memory usage: 82.0% (Used: 6.02GB, Available: 1.32GB)
2025-07-27 01:18:44,507 - model_training - INFO - Processing batch 295660 to 300660 (size: 5000)
2025-07-27 01:19:08,299 - model_training - INFO - Memory usage: 82.2% (Used: 6.04GB, Available: 1.31GB)
2025-07-27 01:20:08,303 - model_training - INFO - Memory usage: 82.1% (Used: 6.03GB, Available: 1.31GB)
2025-07-27 01:20:41,835 - model_training - INFO - Processing batch 300660 to 305660 (size: 5000)
2025-07-27 01:21:08,307 - model_training - INFO - Memory usage: 82.9% (Used: 6.09GB, Available: 1.25GB)
2025-07-27 01:22:08,312 - model_training - INFO - Memory usage: 83.5% (Used: 6.13GB, Available: 1.21GB)
2025-07-27 01:22:40,174 - model_training - INFO - Processing batch 305660 to 310660 (size: 5000)
2025-07-27 01:23:08,316 - model_training - INFO - Memory usage: 83.0% (Used: 6.10GB, Available: 1.25GB)
2025-07-27 01:24:08,320 - model_training - INFO - Memory usage: 82.8% (Used: 6.08GB, Available: 1.26GB)
2025-07-27 01:24:36,775 - model_training - INFO - Processing batch 310660 to 315660 (size: 5000)
2025-07-27 01:25:08,325 - model_training - INFO - Memory usage: 82.9% (Used: 6.09GB, Available: 1.26GB)
2025-07-27 01:26:08,329 - model_training - INFO - Memory usage: 83.6% (Used: 6.14GB, Available: 1.21GB)
2025-07-27 01:26:32,660 - model_training - INFO - Processing batch 315660 to 320660 (size: 5000)
2025-07-27 01:27:08,334 - model_training - INFO - Memory usage: 84.0% (Used: 6.17GB, Available: 1.18GB)
2025-07-27 01:28:08,338 - model_training - INFO - Memory usage: 83.5% (Used: 6.13GB, Available: 1.21GB)
2025-07-27 01:28:28,235 - model_training - INFO - Processing batch 320660 to 325660 (size: 5000)
2025-07-27 01:29:08,343 - model_training - INFO - Memory usage: 83.4% (Used: 6.13GB, Available: 1.22GB)
2025-07-27 01:30:08,347 - model_training - INFO - Memory usage: 83.5% (Used: 6.13GB, Available: 1.21GB)
2025-07-27 01:30:23,190 - model_training - INFO - Processing batch 325660 to 330660 (size: 5000)
2025-07-27 01:31:08,351 - model_training - INFO - Memory usage: 83.5% (Used: 6.14GB, Available: 1.21GB)
2025-07-27 01:32:08,356 - model_training - INFO - Memory usage: 83.3% (Used: 6.12GB, Available: 1.23GB)
2025-07-27 01:32:17,589 - model_training - INFO - Processing batch 330660 to 335660 (size: 5000)
2025-07-27 01:33:08,360 - model_training - INFO - Memory usage: 83.2% (Used: 6.11GB, Available: 1.23GB)
2025-07-27 01:34:08,364 - model_training - INFO - Memory usage: 83.5% (Used: 6.13GB, Available: 1.22GB)
2025-07-27 01:34:12,967 - model_training - INFO - Processing batch 335660 to 340660 (size: 5000)
2025-07-27 01:35:08,368 - model_training - INFO - Memory usage: 83.3% (Used: 6.12GB, Available: 1.23GB)
2025-07-27 01:36:08,368 - model_training - INFO - Processing batch 340660 to 345660 (size: 5000)
2025-07-27 01:36:08,372 - model_training - INFO - Memory usage: 83.3% (Used: 6.12GB, Available: 1.22GB)
2025-07-27 01:37:08,377 - model_training - INFO - Memory usage: 83.4% (Used: 6.12GB, Available: 1.22GB)
2025-07-27 01:38:04,588 - model_training - INFO - Processing batch 345660 to 350660 (size: 5000)
2025-07-27 01:38:08,393 - model_training - INFO - Memory usage: 83.3% (Used: 6.12GB, Available: 1.23GB)
2025-07-27 01:39:08,424 - model_training - INFO - Memory usage: 83.4% (Used: 6.12GB, Available: 1.22GB)
2025-07-27 01:40:00,135 - model_training - INFO - Processing batch 350660 to 355660 (size: 5000)
2025-07-27 01:40:08,428 - model_training - INFO - Memory usage: 83.5% (Used: 6.13GB, Available: 1.21GB)
2025-07-27 01:41:08,433 - model_training - INFO - Memory usage: 83.6% (Used: 6.14GB, Available: 1.20GB)
2025-07-27 01:41:56,005 - model_training - INFO - Processing batch 355660 to 360660 (size: 5000)
2025-07-27 01:42:08,437 - model_training - INFO - Memory usage: 83.8% (Used: 6.15GB, Available: 1.19GB)
2025-07-27 01:43:08,440 - model_training - INFO - Memory usage: 83.4% (Used: 6.13GB, Available: 1.22GB)
2025-07-27 01:43:50,960 - model_training - INFO - Processing batch 360660 to 365660 (size: 5000)
2025-07-27 01:44:08,445 - model_training - INFO - Memory usage: 83.6% (Used: 6.14GB, Available: 1.20GB)
2025-07-27 01:45:08,449 - model_training - INFO - Memory usage: 83.4% (Used: 6.13GB, Available: 1.22GB)
2025-07-27 01:45:45,759 - model_training - INFO - Processing batch 365660 to 370660 (size: 5000)
2025-07-27 01:46:08,453 - model_training - INFO - Memory usage: 83.6% (Used: 6.14GB, Available: 1.20GB)
2025-07-27 01:47:08,457 - model_training - INFO - Memory usage: 83.6% (Used: 6.14GB, Available: 1.21GB)
2025-07-27 01:47:40,621 - model_training - INFO - Processing batch 370660 to 375660 (size: 5000)
2025-07-27 01:48:08,462 - model_training - INFO - Memory usage: 83.6% (Used: 6.14GB, Available: 1.20GB)
2025-07-27 01:49:08,466 - model_training - INFO - Memory usage: 83.7% (Used: 6.15GB, Available: 1.20GB)
2025-07-27 01:49:35,756 - model_training - INFO - Processing batch 375660 to 380660 (size: 5000)
2025-07-27 01:50:08,470 - model_training - INFO - Memory usage: 84.0% (Used: 6.17GB, Available: 1.18GB)
2025-07-27 01:51:08,474 - model_training - INFO - Memory usage: 83.9% (Used: 6.16GB, Available: 1.18GB)
2025-07-27 01:51:30,987 - model_training - INFO - Processing batch 380660 to 385660 (size: 5000)
2025-07-27 01:52:08,478 - model_training - INFO - Memory usage: 84.1% (Used: 6.17GB, Available: 1.17GB)
2025-07-27 01:53:08,482 - model_training - INFO - Memory usage: 84.2% (Used: 6.19GB, Available: 1.16GB)
2025-07-27 01:53:26,408 - model_training - INFO - Processing batch 385660 to 390660 (size: 5000)
2025-07-27 01:54:08,487 - model_training - INFO - Memory usage: 84.0% (Used: 6.17GB, Available: 1.18GB)
2025-07-27 01:55:08,491 - model_training - INFO - Memory usage: 84.0% (Used: 6.17GB, Available: 1.18GB)
2025-07-27 01:55:21,690 - model_training - INFO - Processing batch 390660 to 395660 (size: 5000)
2025-07-27 01:56:08,495 - model_training - INFO - Memory usage: 84.0% (Used: 6.17GB, Available: 1.18GB)
2025-07-27 01:57:08,500 - model_training - INFO - Memory usage: 84.0% (Used: 6.17GB, Available: 1.17GB)
2025-07-27 01:57:17,693 - model_training - INFO - Processing batch 395660 to 400660 (size: 5000)
2025-07-27 01:58:08,504 - model_training - INFO - Memory usage: 83.9% (Used: 6.16GB, Available: 1.18GB)
2025-07-27 01:59:08,508 - model_training - INFO - Memory usage: 83.8% (Used: 6.16GB, Available: 1.19GB)
2025-07-27 01:59:13,988 - model_training - INFO - Processing batch 400660 to 405660 (size: 5000)
2025-07-27 02:00:08,513 - model_training - INFO - Memory usage: 84.0% (Used: 6.17GB, Available: 1.18GB)
2025-07-27 02:01:08,517 - model_training - INFO - Memory usage: 84.0% (Used: 6.17GB, Available: 1.17GB)
2025-07-27 02:01:09,699 - model_training - INFO - Processing batch 405660 to 410660 (size: 5000)
2025-07-27 02:02:08,522 - model_training - INFO - Memory usage: 84.0% (Used: 6.17GB, Available: 1.18GB)
2025-07-27 02:03:05,671 - model_training - INFO - Processing batch 410660 to 415660 (size: 5000)
2025-07-27 02:03:08,534 - model_training - INFO - Memory usage: 84.0% (Used: 6.17GB, Available: 1.18GB)
2025-07-27 02:04:08,566 - model_training - INFO - Memory usage: 84.2% (Used: 6.19GB, Available: 1.16GB)
2025-07-27 02:05:02,332 - model_training - INFO - Processing batch 415660 to 420660 (size: 5000)
2025-07-27 02:05:08,582 - model_training - INFO - Memory usage: 84.3% (Used: 6.19GB, Available: 1.16GB)
2025-07-27 02:06:08,614 - model_training - INFO - Memory usage: 84.2% (Used: 6.18GB, Available: 1.16GB)
2025-07-27 02:06:57,618 - model_training - INFO - Processing batch 420660 to 425660 (size: 5000)
2025-07-27 02:07:08,619 - model_training - INFO - Memory usage: 84.5% (Used: 6.20GB, Available: 1.14GB)
2025-07-27 02:08:08,623 - model_training - INFO - Memory usage: 84.5% (Used: 6.21GB, Available: 1.14GB)
2025-07-27 02:08:53,340 - model_training - INFO - Processing batch 425660 to 430660 (size: 5000)
2025-07-27 02:09:08,627 - model_training - INFO - Memory usage: 84.8% (Used: 6.23GB, Available: 1.12GB)
2025-07-27 02:10:08,631 - model_training - INFO - Memory usage: 85.3% (Used: 6.26GB, Available: 1.08GB)
2025-07-27 02:10:50,276 - model_training - WARNING - High memory usage (85.2%), reducing batch size to 5000
2025-07-27 02:10:50,276 - model_training - INFO - Processing batch 430660 to 435660 (size: 5000)
2025-07-27 02:11:08,636 - model_training - INFO - Memory usage: 85.3% (Used: 6.26GB, Available: 1.08GB)
2025-07-27 02:12:08,640 - model_training - INFO - Memory usage: 85.4% (Used: 6.27GB, Available: 1.07GB)
2025-07-27 02:12:47,567 - model_training - INFO - Processing batch 435660 to 440660 (size: 5000)
2025-07-27 02:13:08,644 - model_training - INFO - Memory usage: 85.2% (Used: 6.26GB, Available: 1.08GB)
2025-07-27 02:14:08,648 - model_training - INFO - Memory usage: 85.2% (Used: 6.26GB, Available: 1.09GB)
2025-07-27 02:14:43,677 - model_training - WARNING - High memory usage (85.1%), reducing batch size to 5000
2025-07-27 02:14:43,678 - model_training - INFO - Processing batch 440660 to 445660 (size: 5000)
2025-07-27 02:15:08,652 - model_training - INFO - Memory usage: 85.1% (Used: 6.25GB, Available: 1.10GB)
2025-07-27 02:16:08,657 - model_training - INFO - Memory usage: 84.2% (Used: 6.18GB, Available: 1.16GB)
2025-07-27 02:16:40,483 - model_training - INFO - Processing batch 445660 to 450660 (size: 5000)
2025-07-27 02:17:08,661 - model_training - INFO - Memory usage: 84.3% (Used: 6.19GB, Available: 1.15GB)
2025-07-27 02:18:08,665 - model_training - INFO - Memory usage: 84.3% (Used: 6.19GB, Available: 1.16GB)
2025-07-27 02:18:36,383 - model_training - INFO - Processing batch 450660 to 455660 (size: 5000)
2025-07-27 02:19:08,670 - model_training - INFO - Memory usage: 84.4% (Used: 6.20GB, Available: 1.14GB)
2025-07-27 02:20:08,675 - model_training - INFO - Memory usage: 84.4% (Used: 6.20GB, Available: 1.14GB)
2025-07-27 02:20:31,967 - model_training - INFO - Processing batch 455660 to 460660 (size: 5000)
2025-07-27 02:21:08,679 - model_training - INFO - Memory usage: 84.4% (Used: 6.20GB, Available: 1.14GB)
2025-07-27 02:22:08,684 - model_training - INFO - Memory usage: 84.6% (Used: 6.21GB, Available: 1.13GB)
2025-07-27 02:22:27,775 - model_training - INFO - Processing batch 460660 to 465660 (size: 5000)
2025-07-27 02:23:08,688 - model_training - INFO - Memory usage: 84.5% (Used: 6.21GB, Available: 1.14GB)
2025-07-27 02:24:08,692 - model_training - INFO - Memory usage: 84.5% (Used: 6.21GB, Available: 1.14GB)
2025-07-27 02:24:24,489 - model_training - INFO - Processing batch 465660 to 470660 (size: 5000)
2025-07-27 02:25:08,696 - model_training - INFO - Memory usage: 84.7% (Used: 6.22GB, Available: 1.13GB)
2025-07-27 02:26:08,700 - model_training - INFO - Memory usage: 84.6% (Used: 6.21GB, Available: 1.13GB)
2025-07-27 02:26:20,334 - model_training - INFO - Processing batch 470660 to 475660 (size: 5000)
2025-07-27 02:27:08,704 - model_training - INFO - Memory usage: 85.0% (Used: 6.24GB, Available: 1.10GB)
2025-07-27 02:28:08,709 - model_training - INFO - Memory usage: 84.5% (Used: 6.21GB, Available: 1.14GB)
2025-07-27 02:28:15,037 - model_training - INFO - Processing batch 475660 to 480660 (size: 5000)
2025-07-27 02:29:08,714 - model_training - INFO - Memory usage: 84.4% (Used: 6.20GB, Available: 1.14GB)
2025-07-27 02:30:08,718 - model_training - INFO - Memory usage: 84.3% (Used: 6.19GB, Available: 1.15GB)
2025-07-27 02:30:10,080 - model_training - INFO - Processing batch 480660 to 485660 (size: 5000)
2025-07-27 02:31:08,723 - model_training - INFO - Memory usage: 84.4% (Used: 6.20GB, Available: 1.14GB)
2025-07-27 02:32:05,578 - model_training - INFO - Processing batch 485660 to 490660 (size: 5000)
2025-07-27 02:32:08,735 - model_training - INFO - Memory usage: 84.6% (Used: 6.21GB, Available: 1.13GB)
2025-07-27 02:33:08,766 - model_training - INFO - Memory usage: 84.6% (Used: 6.22GB, Available: 1.13GB)
2025-07-27 02:34:00,747 - model_training - INFO - Processing batch 490660 to 495660 (size: 5000)
2025-07-27 02:34:08,770 - model_training - INFO - Memory usage: 84.6% (Used: 6.21GB, Available: 1.13GB)
2025-07-27 02:35:08,775 - model_training - INFO - Memory usage: 84.7% (Used: 6.22GB, Available: 1.13GB)
2025-07-27 02:35:56,268 - model_training - INFO - Processing batch 495660 to 500660 (size: 5000)
2025-07-27 02:36:08,779 - model_training - INFO - Memory usage: 84.6% (Used: 6.22GB, Available: 1.13GB)
2025-07-27 02:37:08,784 - model_training - INFO - Memory usage: 84.5% (Used: 6.21GB, Available: 1.14GB)
2025-07-27 02:37:52,824 - model_training - INFO - Processing batch 500660 to 505660 (size: 5000)
2025-07-27 02:38:08,789 - model_training - INFO - Memory usage: 84.7% (Used: 6.22GB, Available: 1.13GB)
2025-07-27 02:39:08,793 - model_training - INFO - Memory usage: 84.8% (Used: 6.23GB, Available: 1.12GB)
2025-07-27 02:39:49,302 - model_training - INFO - Processing batch 505660 to 510660 (size: 5000)
2025-07-27 02:40:08,798 - model_training - INFO - Memory usage: 85.1% (Used: 6.25GB, Available: 1.10GB)
2025-07-27 02:41:08,802 - model_training - INFO - Memory usage: 85.1% (Used: 6.25GB, Available: 1.10GB)
2025-07-27 02:41:45,651 - model_training - WARNING - High memory usage (85.1%), reducing batch size to 5000
2025-07-27 02:41:45,651 - model_training - INFO - Processing batch 510660 to 515660 (size: 5000)
2025-07-27 02:42:08,806 - model_training - INFO - Memory usage: 85.2% (Used: 6.26GB, Available: 1.09GB)
2025-07-27 02:43:08,810 - model_training - INFO - Memory usage: 84.8% (Used: 6.23GB, Available: 1.11GB)
2025-07-27 02:43:41,366 - model_training - INFO - Processing batch 515660 to 520660 (size: 5000)
2025-07-27 02:44:08,815 - model_training - INFO - Memory usage: 84.8% (Used: 6.23GB, Available: 1.12GB)
2025-07-27 02:45:08,819 - model_training - INFO - Memory usage: 84.8% (Used: 6.23GB, Available: 1.11GB)
2025-07-27 02:45:36,469 - model_training - INFO - Processing batch 520660 to 525660 (size: 5000)
2025-07-27 02:46:08,823 - model_training - INFO - Memory usage: 85.0% (Used: 6.24GB, Available: 1.10GB)
2025-07-27 02:47:08,828 - model_training - INFO - Memory usage: 84.9% (Used: 6.23GB, Available: 1.11GB)
2025-07-27 02:47:32,023 - model_training - INFO - Processing batch 525660 to 530660 (size: 5000)
2025-07-27 02:48:08,832 - model_training - INFO - Memory usage: 85.0% (Used: 6.24GB, Available: 1.10GB)
2025-07-27 02:49:08,836 - model_training - INFO - Memory usage: 85.0% (Used: 6.25GB, Available: 1.10GB)
2025-07-27 02:49:28,399 - model_training - INFO - Processing batch 530660 to 535660 (size: 5000)
2025-07-27 02:50:08,841 - model_training - INFO - Memory usage: 85.0% (Used: 6.24GB, Available: 1.10GB)
2025-07-27 02:51:08,845 - model_training - INFO - Memory usage: 85.1% (Used: 6.25GB, Available: 1.09GB)
2025-07-27 02:51:24,546 - model_training - INFO - Processing batch 535660 to 540660 (size: 5000)
2025-07-27 02:52:08,849 - model_training - INFO - Memory usage: 85.2% (Used: 6.26GB, Available: 1.09GB)
2025-07-27 02:53:08,853 - model_training - INFO - Memory usage: 85.0% (Used: 6.25GB, Available: 1.10GB)
2025-07-27 02:53:20,607 - model_training - WARNING - High memory usage (85.1%), reducing batch size to 5000
2025-07-27 02:53:20,607 - model_training - INFO - Processing batch 540660 to 545660 (size: 5000)
2025-07-27 02:54:08,857 - model_training - INFO - Memory usage: 85.2% (Used: 6.26GB, Available: 1.09GB)
2025-07-27 02:55:08,861 - model_training - INFO - Memory usage: 85.2% (Used: 6.26GB, Available: 1.08GB)
2025-07-27 02:55:17,129 - model_training - WARNING - High memory usage (85.3%), reducing batch size to 5000
2025-07-27 02:55:17,130 - model_training - INFO - Processing batch 545660 to 550660 (size: 5000)
2025-07-27 02:56:08,866 - model_training - INFO - Memory usage: 85.0% (Used: 6.24GB, Available: 1.10GB)
2025-07-27 02:57:08,870 - model_training - INFO - Memory usage: 85.2% (Used: 6.26GB, Available: 1.08GB)
2025-07-27 02:57:13,262 - model_training - WARNING - High memory usage (85.2%), reducing batch size to 5000
2025-07-27 02:57:13,262 - model_training - INFO - Processing batch 550660 to 555660 (size: 5000)
2025-07-27 02:58:08,874 - model_training - INFO - Memory usage: 85.1% (Used: 6.25GB, Available: 1.09GB)
2025-07-27 02:59:08,879 - model_training - INFO - Memory usage: 85.0% (Used: 6.25GB, Available: 1.10GB)
2025-07-27 02:59:09,576 - model_training - WARNING - High memory usage (85.1%), reducing batch size to 5000
2025-07-27 02:59:09,576 - model_training - INFO - Processing batch 555660 to 560660 (size: 5000)
2025-07-27 03:00:08,883 - model_training - INFO - Memory usage: 85.4% (Used: 6.27GB, Available: 1.08GB)
2025-07-27 03:01:05,339 - model_training - WARNING - High memory usage (85.4%), reducing batch size to 5000
2025-07-27 03:01:05,340 - model_training - INFO - Processing batch 560660 to 565660 (size: 5000)
2025-07-27 03:01:08,902 - model_training - INFO - Memory usage: 85.4% (Used: 6.28GB, Available: 1.07GB)
2025-07-27 03:02:08,933 - model_training - INFO - Memory usage: 85.5% (Used: 6.28GB, Available: 1.06GB)
2025-07-27 03:03:00,329 - model_training - WARNING - High memory usage (85.3%), reducing batch size to 5000
2025-07-27 03:03:00,329 - model_training - INFO - Processing batch 565660 to 570660 (size: 5000)
2025-07-27 03:03:08,938 - model_training - INFO - Memory usage: 85.3% (Used: 6.27GB, Available: 1.08GB)
2025-07-27 03:04:08,942 - model_training - INFO - Memory usage: 84.9% (Used: 6.24GB, Available: 1.11GB)
2025-07-27 03:04:56,747 - model_training - INFO - Processing batch 570660 to 575660 (size: 5000)
2025-07-27 03:05:08,946 - model_training - INFO - Memory usage: 84.8% (Used: 6.23GB, Available: 1.12GB)
2025-07-27 03:06:08,951 - model_training - INFO - Memory usage: 84.7% (Used: 6.22GB, Available: 1.12GB)
2025-07-27 03:06:52,298 - model_training - INFO - Processing batch 575660 to 580660 (size: 5000)
2025-07-27 03:07:08,955 - model_training - INFO - Memory usage: 85.0% (Used: 6.24GB, Available: 1.10GB)
2025-07-27 03:08:08,959 - model_training - INFO - Memory usage: 84.8% (Used: 6.23GB, Available: 1.12GB)
2025-07-27 03:08:48,597 - model_training - INFO - Processing batch 580660 to 585660 (size: 5000)
2025-07-27 03:09:08,963 - model_training - INFO - Memory usage: 84.9% (Used: 6.23GB, Available: 1.11GB)
2025-07-27 03:10:08,968 - model_training - INFO - Memory usage: 85.1% (Used: 6.25GB, Available: 1.09GB)
2025-07-27 03:10:45,516 - model_training - WARNING - High memory usage (85.1%), reducing batch size to 5000
2025-07-27 03:10:45,516 - model_training - INFO - Processing batch 585660 to 590660 (size: 5000)
2025-07-27 03:11:08,972 - model_training - INFO - Memory usage: 85.2% (Used: 6.26GB, Available: 1.08GB)
2025-07-27 03:12:08,977 - model_training - INFO - Memory usage: 85.1% (Used: 6.25GB, Available: 1.09GB)
2025-07-27 03:12:42,189 - model_training - INFO - Processing batch 590660 to 595660 (size: 5000)
2025-07-27 03:13:08,981 - model_training - INFO - Memory usage: 85.2% (Used: 6.25GB, Available: 1.09GB)
2025-07-27 03:14:08,986 - model_training - INFO - Memory usage: 84.9% (Used: 6.24GB, Available: 1.11GB)
2025-07-27 03:14:39,171 - model_training - INFO - Processing batch 595660 to 600660 (size: 5000)
2025-07-27 03:15:08,990 - model_training - INFO - Memory usage: 85.1% (Used: 6.25GB, Available: 1.10GB)
2025-07-27 03:16:08,994 - model_training - INFO - Memory usage: 85.1% (Used: 6.25GB, Available: 1.09GB)
2025-07-27 03:16:35,406 - model_training - WARNING - High memory usage (85.1%), reducing batch size to 5000
2025-07-27 03:16:35,406 - model_training - INFO - Processing batch 600660 to 605660 (size: 5000)
2025-07-27 03:17:08,998 - model_training - INFO - Memory usage: 85.1% (Used: 6.25GB, Available: 1.09GB)
2025-07-27 03:18:09,002 - model_training - INFO - Memory usage: 85.2% (Used: 6.26GB, Available: 1.09GB)
2025-07-27 03:18:31,902 - model_training - WARNING - High memory usage (85.1%), reducing batch size to 5000
2025-07-27 03:18:31,902 - model_training - INFO - Processing batch 605660 to 610660 (size: 5000)
2025-07-27 03:19:09,006 - model_training - INFO - Memory usage: 85.3% (Used: 6.27GB, Available: 1.08GB)
2025-07-27 03:20:09,011 - model_training - INFO - Memory usage: 85.2% (Used: 6.26GB, Available: 1.09GB)
2025-07-27 03:20:28,307 - model_training - WARNING - High memory usage (85.3%), reducing batch size to 5000
2025-07-27 03:20:28,307 - model_training - INFO - Processing batch 610660 to 615660 (size: 5000)
2025-07-27 03:21:09,016 - model_training - INFO - Memory usage: 85.3% (Used: 6.26GB, Available: 1.08GB)
2025-07-27 03:22:09,020 - model_training - INFO - Memory usage: 85.2% (Used: 6.26GB, Available: 1.08GB)
2025-07-27 03:22:24,378 - model_training - WARNING - High memory usage (85.4%), reducing batch size to 5000
2025-07-27 03:22:24,378 - model_training - INFO - Processing batch 615660 to 620660 (size: 5000)
2025-07-27 03:23:09,025 - model_training - INFO - Memory usage: 85.3% (Used: 6.26GB, Available: 1.08GB)
2025-07-27 03:24:09,029 - model_training - INFO - Memory usage: 85.3% (Used: 6.27GB, Available: 1.08GB)
2025-07-27 03:24:21,046 - model_training - WARNING - High memory usage (85.3%), reducing batch size to 5000
2025-07-27 03:24:21,046 - model_training - INFO - Processing batch 620660 to 625660 (size: 5000)
2025-07-27 03:25:09,033 - model_training - INFO - Memory usage: 85.4% (Used: 6.27GB, Available: 1.07GB)
2025-07-27 03:26:09,041 - model_training - INFO - Memory usage: 85.5% (Used: 6.28GB, Available: 1.07GB)
2025-07-27 03:26:17,649 - model_training - WARNING - High memory usage (85.5%), reducing batch size to 5000
2025-07-27 03:26:17,650 - model_training - INFO - Processing batch 625660 to 630660 (size: 5000)
2025-07-27 03:27:09,045 - model_training - INFO - Memory usage: 85.8% (Used: 6.30GB, Available: 1.04GB)
2025-07-27 03:28:09,049 - model_training - INFO - Memory usage: 85.5% (Used: 6.28GB, Available: 1.07GB)
2025-07-27 03:28:13,616 - model_training - WARNING - High memory usage (85.6%), reducing batch size to 5000
2025-07-27 03:28:13,617 - model_training - INFO - Processing batch 630660 to 635660 (size: 5000)
2025-07-27 03:29:09,054 - model_training - INFO - Memory usage: 85.6% (Used: 6.29GB, Available: 1.06GB)
2025-07-27 03:30:09,058 - model_training - INFO - Memory usage: 85.5% (Used: 6.28GB, Available: 1.06GB)
2025-07-27 03:30:09,399 - model_training - WARNING - High memory usage (85.5%), reducing batch size to 5000
2025-07-27 03:30:09,399 - model_training - INFO - Processing batch 635660 to 640660 (size: 5000)
2025-07-27 03:31:09,063 - model_training - INFO - Memory usage: 85.7% (Used: 6.29GB, Available: 1.05GB)
2025-07-27 03:32:05,581 - model_training - WARNING - High memory usage (85.8%), reducing batch size to 5000
2025-07-27 03:32:05,582 - model_training - INFO - Processing batch 640660 to 645660 (size: 5000)
2025-07-27 03:32:09,084 - model_training - INFO - Memory usage: 85.8% (Used: 6.31GB, Available: 1.04GB)
2025-07-27 03:33:09,116 - model_training - INFO - Memory usage: 85.7% (Used: 6.29GB, Available: 1.05GB)
2025-07-27 03:34:02,064 - model_training - WARNING - High memory usage (85.6%), reducing batch size to 5000
2025-07-27 03:34:02,065 - model_training - INFO - Processing batch 645660 to 650660 (size: 5000)
2025-07-27 03:34:09,133 - model_training - INFO - Memory usage: 85.8% (Used: 6.30GB, Available: 1.04GB)
2025-07-27 03:35:09,164 - model_training - INFO - Memory usage: 85.8% (Used: 6.31GB, Available: 1.04GB)
2025-07-27 03:35:59,103 - model_training - WARNING - High memory usage (85.7%), reducing batch size to 5000
2025-07-27 03:35:59,103 - model_training - INFO - Processing batch 650660 to 655660 (size: 5000)
2025-07-27 03:36:09,168 - model_training - INFO - Memory usage: 85.9% (Used: 6.31GB, Available: 1.04GB)
2025-07-27 03:37:09,173 - model_training - INFO - Memory usage: 85.9% (Used: 6.31GB, Available: 1.04GB)
2025-07-27 03:37:56,061 - model_training - WARNING - High memory usage (85.7%), reducing batch size to 5000
2025-07-27 03:37:56,061 - model_training - INFO - Processing batch 655660 to 660660 (size: 5000)
2025-07-27 03:38:09,177 - model_training - INFO - Memory usage: 85.9% (Used: 6.31GB, Available: 1.04GB)
2025-07-27 03:39:09,181 - model_training - INFO - Memory usage: 86.0% (Used: 6.32GB, Available: 1.03GB)
2025-07-27 03:39:53,465 - model_training - WARNING - High memory usage (86.2%), reducing batch size to 5000
2025-07-27 03:39:53,465 - model_training - INFO - Processing batch 660660 to 665660 (size: 5000)
2025-07-27 03:40:09,185 - model_training - INFO - Memory usage: 86.4% (Used: 6.35GB, Available: 1.00GB)
2025-07-27 03:41:09,190 - model_training - INFO - Memory usage: 86.3% (Used: 6.34GB, Available: 1.01GB)
2025-07-27 03:41:50,694 - model_training - WARNING - High memory usage (86.1%), reducing batch size to 5000
2025-07-27 03:41:50,694 - model_training - INFO - Processing batch 665660 to 670660 (size: 5000)
2025-07-27 03:42:09,197 - model_training - INFO - Memory usage: 86.3% (Used: 6.34GB, Available: 1.01GB)
2025-07-27 03:43:09,200 - model_training - INFO - Memory usage: 86.8% (Used: 6.37GB, Available: 0.97GB)
2025-07-27 03:43:47,420 - model_training - WARNING - High memory usage (86.7%), reducing batch size to 5000
2025-07-27 03:43:47,421 - model_training - INFO - Processing batch 670660 to 675660 (size: 5000)
2025-07-27 03:44:09,205 - model_training - INFO - Memory usage: 86.7% (Used: 6.37GB, Available: 0.98GB)
2025-07-27 03:45:09,208 - model_training - INFO - Memory usage: 86.7% (Used: 6.37GB, Available: 0.97GB)
2025-07-27 03:45:44,652 - model_training - WARNING - High memory usage (86.6%), reducing batch size to 5000
2025-07-27 03:45:44,652 - model_training - INFO - Processing batch 675660 to 680660 (size: 5000)
2025-07-27 03:46:09,212 - model_training - INFO - Memory usage: 86.8% (Used: 6.37GB, Available: 0.97GB)
2025-07-27 03:47:09,217 - model_training - INFO - Memory usage: 87.0% (Used: 6.39GB, Available: 0.95GB)
2025-07-27 03:47:41,871 - model_training - WARNING - High memory usage (86.8%), reducing batch size to 5000
2025-07-27 03:47:41,872 - model_training - INFO - Processing batch 680660 to 685660 (size: 5000)
2025-07-27 03:48:09,221 - model_training - INFO - Memory usage: 86.9% (Used: 6.38GB, Available: 0.96GB)
2025-07-27 03:49:09,225 - model_training - INFO - Memory usage: 86.8% (Used: 6.37GB, Available: 0.97GB)
2025-07-27 03:49:38,703 - model_training - WARNING - High memory usage (86.7%), reducing batch size to 5000
2025-07-27 03:49:38,704 - model_training - INFO - Processing batch 685660 to 690660 (size: 5000)
2025-07-27 03:50:09,230 - model_training - INFO - Memory usage: 86.8% (Used: 6.38GB, Available: 0.97GB)
2025-07-27 03:51:09,234 - model_training - INFO - Memory usage: 86.7% (Used: 6.37GB, Available: 0.98GB)
2025-07-27 03:51:35,208 - model_training - WARNING - High memory usage (86.7%), reducing batch size to 5000
2025-07-27 03:51:35,208 - model_training - INFO - Processing batch 690660 to 695660 (size: 5000)
2025-07-27 03:52:09,239 - model_training - INFO - Memory usage: 87.1% (Used: 6.40GB, Available: 0.95GB)
2025-07-27 03:53:09,243 - model_training - INFO - Memory usage: 87.0% (Used: 6.39GB, Available: 0.95GB)
2025-07-27 03:53:31,133 - model_training - WARNING - High memory usage (87.1%), reducing batch size to 5000
2025-07-27 03:53:31,134 - model_training - INFO - Processing batch 695660 to 700660 (size: 5000)
2025-07-27 03:54:09,248 - model_training - INFO - Memory usage: 86.3% (Used: 6.34GB, Available: 1.01GB)
2025-07-27 03:55:09,252 - model_training - INFO - Memory usage: 86.3% (Used: 6.34GB, Available: 1.01GB)
2025-07-27 03:55:28,614 - model_training - WARNING - High memory usage (86.2%), reducing batch size to 5000
2025-07-27 03:55:28,615 - model_training - INFO - Processing batch 700660 to 705660 (size: 5000)
2025-07-27 03:56:09,257 - model_training - INFO - Memory usage: 86.3% (Used: 6.34GB, Available: 1.01GB)
2025-07-27 03:57:09,261 - model_training - INFO - Memory usage: 86.3% (Used: 6.34GB, Available: 1.00GB)
2025-07-27 03:57:26,257 - model_training - WARNING - High memory usage (86.9%), reducing batch size to 5000
2025-07-27 03:57:26,257 - model_training - INFO - Processing batch 705660 to 710660 (size: 5000)
2025-07-27 03:58:09,266 - model_training - INFO - Memory usage: 86.0% (Used: 6.32GB, Available: 1.03GB)
2025-07-27 03:59:09,270 - model_training - INFO - Memory usage: 86.0% (Used: 6.32GB, Available: 1.03GB)
2025-07-27 03:59:24,151 - model_training - WARNING - High memory usage (86.0%), reducing batch size to 5000
2025-07-27 03:59:24,151 - model_training - INFO - Processing batch 710660 to 715660 (size: 5000)
2025-07-27 04:00:09,275 - model_training - INFO - Memory usage: 83.2% (Used: 6.11GB, Available: 1.23GB)
2025-07-27 04:01:09,280 - model_training - INFO - Memory usage: 79.6% (Used: 5.84GB, Available: 1.50GB)
2025-07-27 04:01:27,830 - model_training - INFO - Processing batch 715660 to 720660 (size: 5000)
2025-07-27 04:02:09,285 - model_training - INFO - Memory usage: 81.9% (Used: 6.01GB, Available: 1.33GB)
2025-07-27 04:03:09,289 - model_training - INFO - Memory usage: 80.6% (Used: 5.92GB, Available: 1.42GB)
2025-07-27 04:04:09,293 - model_training - INFO - Memory usage: 80.3% (Used: 5.90GB, Available: 1.45GB)
2025-07-27 04:04:22,320 - model_training - INFO - Processing batch 720660 to 725660 (size: 5000)
2025-07-27 04:05:09,298 - model_training - INFO - Memory usage: 81.5% (Used: 5.99GB, Available: 1.36GB)
2025-07-27 04:06:09,302 - model_training - INFO - Memory usage: 81.7% (Used: 6.00GB, Available: 1.34GB)
2025-07-27 04:06:28,514 - model_training - INFO - Processing batch 725660 to 730660 (size: 5000)
2025-07-27 04:07:09,307 - model_training - INFO - Memory usage: 83.0% (Used: 6.10GB, Available: 1.25GB)
2025-07-27 04:08:09,312 - model_training - INFO - Memory usage: 82.7% (Used: 6.07GB, Available: 1.27GB)
2025-07-27 04:08:58,457 - model_training - INFO - Processing batch 730660 to 735660 (size: 5000)
2025-07-27 04:09:09,332 - model_training - INFO - Memory usage: 71.4% (Used: 5.24GB, Available: 2.10GB)
2025-07-27 04:10:09,363 - model_training - INFO - Memory usage: 72.0% (Used: 5.29GB, Available: 2.06GB)
2025-07-27 04:11:09,367 - model_training - INFO - Memory usage: 73.3% (Used: 5.38GB, Available: 1.96GB)
2025-07-27 04:11:45,489 - model_training - INFO - Processing batch 735660 to 740660 (size: 5000)
2025-07-27 04:12:09,371 - model_training - INFO - Memory usage: 73.6% (Used: 5.41GB, Available: 1.94GB)
2025-07-27 04:13:09,376 - model_training - INFO - Memory usage: 72.9% (Used: 5.35GB, Available: 1.99GB)
2025-07-27 04:14:09,380 - model_training - INFO - Memory usage: 72.9% (Used: 5.35GB, Available: 1.99GB)
2025-07-27 04:14:25,605 - model_training - INFO - Processing batch 740660 to 745660 (size: 5000)
2025-07-27 04:15:09,384 - model_training - INFO - Memory usage: 73.2% (Used: 5.38GB, Available: 1.97GB)
2025-07-27 04:16:09,388 - model_training - INFO - Memory usage: 73.1% (Used: 5.37GB, Available: 1.98GB)
2025-07-27 04:17:04,969 - model_training - INFO - Processing batch 745660 to 750660 (size: 5000)
2025-07-27 04:17:09,410 - model_training - INFO - Memory usage: 73.1% (Used: 5.37GB, Available: 1.98GB)
2025-07-27 04:18:09,441 - model_training - INFO - Memory usage: 73.2% (Used: 5.38GB, Available: 1.97GB)
2025-07-27 04:19:09,445 - model_training - INFO - Memory usage: 73.3% (Used: 5.38GB, Available: 1.96GB)
2025-07-27 04:19:46,077 - model_training - INFO - Processing batch 750660 to 755660 (size: 5000)
2025-07-27 04:20:09,449 - model_training - INFO - Memory usage: 74.0% (Used: 5.43GB, Available: 1.91GB)
2025-07-27 04:21:09,453 - model_training - INFO - Memory usage: 73.7% (Used: 5.42GB, Available: 1.93GB)
2025-07-27 04:22:09,457 - model_training - INFO - Memory usage: 73.8% (Used: 5.42GB, Available: 1.92GB)
2025-07-27 04:22:25,230 - model_training - INFO - Processing batch 755660 to 760660 (size: 5000)
2025-07-27 04:23:09,462 - model_training - INFO - Memory usage: 73.9% (Used: 5.43GB, Available: 1.91GB)
2025-07-27 04:24:09,466 - model_training - INFO - Memory usage: 74.0% (Used: 5.44GB, Available: 1.91GB)
2025-07-27 04:25:02,689 - model_training - INFO - Processing batch 760660 to 765660 (size: 5000)
2025-07-27 04:25:09,487 - model_training - INFO - Memory usage: 74.2% (Used: 5.45GB, Available: 1.90GB)
2025-07-27 04:26:09,518 - model_training - INFO - Memory usage: 74.0% (Used: 5.44GB, Available: 1.91GB)
2025-07-27 04:27:09,523 - model_training - INFO - Memory usage: 74.3% (Used: 5.46GB, Available: 1.89GB)
2025-07-27 04:27:39,607 - model_training - INFO - Processing batch 765660 to 770660 (size: 5000)
2025-07-27 04:28:09,527 - model_training - INFO - Memory usage: 74.1% (Used: 5.44GB, Available: 1.90GB)
2025-07-27 04:29:09,531 - model_training - INFO - Memory usage: 74.3% (Used: 5.45GB, Available: 1.89GB)
2025-07-27 04:30:09,536 - model_training - INFO - Memory usage: 74.2% (Used: 5.45GB, Available: 1.89GB)
2025-07-27 04:30:19,831 - model_training - INFO - Processing batch 770660 to 775660 (size: 5000)
2025-07-27 04:31:09,540 - model_training - INFO - Memory usage: 74.3% (Used: 5.46GB, Available: 1.89GB)
2025-07-27 04:32:09,545 - model_training - INFO - Memory usage: 74.4% (Used: 5.47GB, Available: 1.88GB)
2025-07-27 04:32:58,636 - model_training - INFO - Processing batch 775660 to 780660 (size: 5000)
2025-07-27 04:33:09,549 - model_training - INFO - Memory usage: 74.5% (Used: 5.47GB, Available: 1.88GB)
2025-07-27 04:34:09,553 - model_training - INFO - Memory usage: 74.6% (Used: 5.48GB, Available: 1.87GB)
2025-07-27 04:35:09,558 - model_training - INFO - Memory usage: 74.7% (Used: 5.49GB, Available: 1.86GB)
2025-07-27 04:35:38,340 - model_training - INFO - Processing batch 780660 to 785660 (size: 5000)
2025-07-27 04:36:09,562 - model_training - INFO - Memory usage: 74.7% (Used: 5.49GB, Available: 1.86GB)
2025-07-27 04:37:09,566 - model_training - INFO - Memory usage: 75.7% (Used: 5.56GB, Available: 1.79GB)
2025-07-27 04:38:09,570 - model_training - INFO - Memory usage: 75.6% (Used: 5.55GB, Available: 1.79GB)
2025-07-27 04:38:18,715 - model_training - INFO - Processing batch 785660 to 790660 (size: 5000)
2025-07-27 04:39:09,574 - model_training - INFO - Memory usage: 75.8% (Used: 5.57GB, Available: 1.78GB)
2025-07-27 04:40:09,578 - model_training - INFO - Memory usage: 76.0% (Used: 5.58GB, Available: 1.76GB)
2025-07-27 04:41:00,940 - model_training - INFO - Processing batch 790660 to 795660 (size: 5000)
2025-07-27 04:41:09,592 - model_training - INFO - Memory usage: 76.1% (Used: 5.59GB, Available: 1.75GB)
2025-07-27 04:42:09,622 - model_training - INFO - Memory usage: 76.0% (Used: 5.58GB, Available: 1.76GB)
2025-07-27 04:43:09,627 - model_training - INFO - Memory usage: 75.6% (Used: 5.55GB, Available: 1.80GB)
2025-07-27 04:43:42,270 - model_training - INFO - Processing batch 795660 to 800660 (size: 5000)
2025-07-27 04:44:09,631 - model_training - INFO - Memory usage: 75.9% (Used: 5.58GB, Available: 1.77GB)
2025-07-27 04:45:09,636 - model_training - INFO - Memory usage: 75.7% (Used: 5.56GB, Available: 1.79GB)
2025-07-27 04:46:09,640 - model_training - INFO - Memory usage: 75.7% (Used: 5.56GB, Available: 1.78GB)
2025-07-27 04:46:26,256 - model_training - INFO - Processing batch 800660 to 805660 (size: 5000)
2025-07-27 04:47:09,644 - model_training - INFO - Memory usage: 75.4% (Used: 5.54GB, Available: 1.81GB)
2025-07-27 04:48:09,648 - model_training - INFO - Memory usage: 75.4% (Used: 5.54GB, Available: 1.81GB)
2025-07-27 04:49:08,100 - model_training - INFO - Processing batch 805660 to 810660 (size: 5000)
2025-07-27 04:49:09,671 - model_training - INFO - Memory usage: 75.6% (Used: 5.55GB, Available: 1.80GB)
2025-07-27 04:50:09,703 - model_training - INFO - Memory usage: 75.5% (Used: 5.55GB, Available: 1.80GB)
2025-07-27 04:51:09,707 - model_training - INFO - Memory usage: 75.5% (Used: 5.55GB, Available: 1.80GB)
2025-07-27 04:51:50,780 - model_training - INFO - Processing batch 810660 to 815660 (size: 5000)
2025-07-27 04:52:09,711 - model_training - INFO - Memory usage: 75.6% (Used: 5.55GB, Available: 1.79GB)
2025-07-27 04:53:09,715 - model_training - INFO - Memory usage: 75.8% (Used: 5.56GB, Available: 1.78GB)
2025-07-27 04:54:09,719 - model_training - INFO - Memory usage: 75.7% (Used: 5.56GB, Available: 1.78GB)
2025-07-27 04:54:33,185 - model_training - INFO - Processing batch 815660 to 820660 (size: 5000)
2025-07-27 04:55:09,724 - model_training - INFO - Memory usage: 75.8% (Used: 5.57GB, Available: 1.78GB)
2025-07-27 04:56:09,728 - model_training - INFO - Memory usage: 75.9% (Used: 5.57GB, Available: 1.77GB)
2025-07-27 04:57:09,731 - model_training - INFO - Memory usage: 75.8% (Used: 5.57GB, Available: 1.77GB)
2025-07-27 04:57:16,823 - model_training - INFO - Processing batch 820660 to 825660 (size: 5000)
2025-07-27 04:58:09,736 - model_training - INFO - Memory usage: 75.5% (Used: 5.55GB, Available: 1.80GB)
2025-07-27 04:59:09,740 - model_training - INFO - Memory usage: 75.7% (Used: 5.56GB, Available: 1.78GB)
2025-07-27 04:59:59,549 - model_training - INFO - Processing batch 825660 to 830660 (size: 5000)
2025-07-27 05:00:09,762 - model_training - INFO - Memory usage: 76.0% (Used: 5.58GB, Available: 1.77GB)
2025-07-27 05:01:09,794 - model_training - INFO - Memory usage: 75.9% (Used: 5.57GB, Available: 1.77GB)
2025-07-27 05:02:09,797 - model_training - INFO - Memory usage: 76.5% (Used: 5.62GB, Available: 1.73GB)
2025-07-27 05:02:41,996 - model_training - INFO - Processing batch 830660 to 835660 (size: 5000)
2025-07-27 05:03:09,801 - model_training - INFO - Memory usage: 76.4% (Used: 5.61GB, Available: 1.74GB)
2025-07-27 05:04:09,806 - model_training - INFO - Memory usage: 76.3% (Used: 5.61GB, Available: 1.74GB)
2025-07-27 05:05:09,816 - model_training - INFO - Memory usage: 76.6% (Used: 5.62GB, Available: 1.72GB)
2025-07-27 05:05:23,349 - model_training - INFO - Processing batch 835660 to 840660 (size: 5000)
2025-07-27 05:06:09,820 - model_training - INFO - Memory usage: 76.5% (Used: 5.62GB, Available: 1.73GB)
2025-07-27 05:07:09,825 - model_training - INFO - Memory usage: 76.4% (Used: 5.61GB, Available: 1.74GB)
2025-07-27 05:08:04,800 - model_training - INFO - Processing batch 840660 to 845660 (size: 5000)
2025-07-27 05:08:09,848 - model_training - INFO - Memory usage: 76.5% (Used: 5.62GB, Available: 1.72GB)
2025-07-27 05:09:09,879 - model_training - INFO - Memory usage: 76.6% (Used: 5.63GB, Available: 1.72GB)
2025-07-27 05:10:09,884 - model_training - INFO - Memory usage: 76.8% (Used: 5.64GB, Available: 1.70GB)
2025-07-27 05:10:42,629 - model_training - INFO - Processing batch 845660 to 850660 (size: 5000)
2025-07-27 05:11:09,889 - model_training - INFO - Memory usage: 77.1% (Used: 5.67GB, Available: 1.68GB)
2025-07-27 05:12:09,893 - model_training - INFO - Memory usage: 77.1% (Used: 5.66GB, Available: 1.68GB)
2025-07-27 05:13:09,897 - model_training - INFO - Memory usage: 76.7% (Used: 5.63GB, Available: 1.71GB)
2025-07-27 05:13:22,773 - model_training - INFO - Processing batch 850660 to 855660 (size: 5000)
2025-07-27 05:14:09,902 - model_training - INFO - Memory usage: 77.0% (Used: 5.66GB, Available: 1.69GB)
2025-07-27 05:15:09,906 - model_training - INFO - Memory usage: 77.0% (Used: 5.66GB, Available: 1.69GB)
2025-07-27 05:16:01,596 - model_training - INFO - Processing batch 855660 to 860660 (size: 5000)
2025-07-27 05:16:09,928 - model_training - INFO - Memory usage: 77.1% (Used: 5.66GB, Available: 1.68GB)
2025-07-27 05:17:09,959 - model_training - INFO - Memory usage: 77.2% (Used: 5.67GB, Available: 1.67GB)
2025-07-27 05:18:09,963 - model_training - INFO - Memory usage: 77.1% (Used: 5.66GB, Available: 1.68GB)
2025-07-27 05:18:44,465 - model_training - INFO - Processing batch 860660 to 865660 (size: 5000)
2025-07-27 05:19:09,967 - model_training - INFO - Memory usage: 77.0% (Used: 5.66GB, Available: 1.69GB)
2025-07-27 05:20:09,971 - model_training - INFO - Memory usage: 77.6% (Used: 5.70GB, Available: 1.64GB)
2025-07-27 05:21:09,975 - model_training - INFO - Memory usage: 77.4% (Used: 5.69GB, Available: 1.66GB)
2025-07-27 05:21:26,055 - model_training - INFO - Processing batch 865660 to 870660 (size: 5000)
2025-07-27 05:22:09,979 - model_training - INFO - Memory usage: 77.4% (Used: 5.69GB, Available: 1.66GB)
2025-07-27 05:23:09,984 - model_training - INFO - Memory usage: 77.8% (Used: 5.72GB, Available: 1.63GB)
2025-07-27 05:24:08,327 - model_training - INFO - Processing batch 870660 to 875660 (size: 5000)
2025-07-27 05:24:10,002 - model_training - INFO - Memory usage: 77.5% (Used: 5.69GB, Available: 1.65GB)
2025-07-27 05:25:10,036 - model_training - INFO - Memory usage: 84.4% (Used: 6.20GB, Available: 1.15GB)
2025-07-27 05:26:10,043 - model_training - INFO - Memory usage: 84.3% (Used: 6.20GB, Available: 1.15GB)
2025-07-27 05:27:10,050 - model_training - INFO - Memory usage: 84.0% (Used: 6.17GB, Available: 1.18GB)
2025-07-27 05:28:10,055 - model_training - INFO - Memory usage: 82.6% (Used: 6.07GB, Available: 1.28GB)
2025-07-27 05:28:16,950 - model_training - INFO - Processing batch 875660 to 880660 (size: 5000)
2025-07-27 05:29:10,060 - model_training - INFO - Memory usage: 82.6% (Used: 6.07GB, Available: 1.28GB)
2025-07-27 05:30:06,861 - model_training - INFO - Processing batch 880660 to 885660 (size: 5000)
2025-07-27 05:30:10,155 - model_training - INFO - Memory usage: 82.3% (Used: 6.05GB, Available: 1.30GB)
2025-07-27 05:31:10,200 - model_training - INFO - Memory usage: 83.6% (Used: 6.14GB, Available: 1.20GB)
2025-07-27 05:32:02,189 - model_training - INFO - Processing batch 885660 to 890660 (size: 5000)
2025-07-27 05:32:10,205 - model_training - INFO - Memory usage: 83.4% (Used: 6.13GB, Available: 1.22GB)
2025-07-27 05:33:10,210 - model_training - INFO - Memory usage: 83.4% (Used: 6.12GB, Available: 1.22GB)
2025-07-27 05:33:58,894 - model_training - INFO - Processing batch 890660 to 895660 (size: 5000)
2025-07-27 05:34:10,214 - model_training - INFO - Memory usage: 83.2% (Used: 6.11GB, Available: 1.24GB)
2025-07-27 05:35:10,219 - model_training - INFO - Memory usage: 83.3% (Used: 6.12GB, Available: 1.23GB)
2025-07-27 05:35:56,419 - model_training - INFO - Processing batch 895660 to 900660 (size: 5000)
2025-07-27 05:36:10,222 - model_training - INFO - Memory usage: 83.1% (Used: 6.10GB, Available: 1.24GB)
2025-07-27 05:37:10,227 - model_training - INFO - Memory usage: 83.1% (Used: 6.10GB, Available: 1.24GB)
2025-07-27 05:37:51,994 - model_training - INFO - Processing batch 900660 to 905660 (size: 5000)
2025-07-27 05:38:10,231 - model_training - INFO - Memory usage: 82.8% (Used: 6.09GB, Available: 1.26GB)
2025-07-27 05:39:10,236 - model_training - INFO - Memory usage: 82.8% (Used: 6.08GB, Available: 1.26GB)
2025-07-27 05:39:41,778 - model_training - INFO - Processing batch 905660 to 910660 (size: 5000)
2025-07-27 05:40:10,240 - model_training - INFO - Memory usage: 83.0% (Used: 6.09GB, Available: 1.25GB)
2025-07-27 05:41:10,245 - model_training - INFO - Memory usage: 82.8% (Used: 6.08GB, Available: 1.26GB)
2025-07-27 05:41:36,850 - model_training - INFO - Processing batch 910660 to 915660 (size: 5000)
2025-07-27 05:42:10,247 - model_training - INFO - Memory usage: 82.8% (Used: 6.09GB, Available: 1.26GB)
2025-07-27 05:43:10,252 - model_training - INFO - Memory usage: 82.4% (Used: 6.05GB, Available: 1.29GB)
2025-07-27 05:43:29,546 - model_training - INFO - Processing batch 915660 to 920660 (size: 5000)
2025-07-27 05:44:10,256 - model_training - INFO - Memory usage: 82.4% (Used: 6.05GB, Available: 1.29GB)
2025-07-27 05:45:10,262 - model_training - INFO - Memory usage: 82.4% (Used: 6.06GB, Available: 1.29GB)
2025-07-27 05:45:16,891 - model_training - INFO - Processing batch 920660 to 925660 (size: 5000)
2025-07-27 05:46:10,267 - model_training - INFO - Memory usage: 82.4% (Used: 6.06GB, Available: 1.29GB)
2025-07-27 05:47:10,272 - model_training - INFO - Memory usage: 82.6% (Used: 6.07GB, Available: 1.28GB)
2025-07-27 05:47:14,012 - model_training - INFO - Processing batch 925660 to 930660 (size: 5000)
2025-07-27 05:48:10,276 - model_training - INFO - Memory usage: 82.5% (Used: 6.06GB, Available: 1.29GB)
2025-07-27 05:49:10,281 - model_training - INFO - Memory usage: 82.5% (Used: 6.06GB, Available: 1.28GB)
2025-07-27 05:49:11,585 - model_training - INFO - Processing batch 930660 to 935660 (size: 5000)
2025-07-27 05:50:10,285 - model_training - INFO - Memory usage: 82.7% (Used: 6.07GB, Available: 1.27GB)
2025-07-27 05:51:09,003 - model_training - INFO - Processing batch 935660 to 940660 (size: 5000)
2025-07-27 05:51:10,298 - model_training - INFO - Memory usage: 82.6% (Used: 6.07GB, Available: 1.28GB)
2025-07-27 05:52:10,330 - model_training - INFO - Memory usage: 82.8% (Used: 6.08GB, Available: 1.27GB)
2025-07-27 05:53:06,456 - model_training - INFO - Processing batch 940660 to 945660 (size: 5000)
2025-07-27 05:53:10,346 - model_training - INFO - Memory usage: 82.8% (Used: 6.08GB, Available: 1.26GB)
2025-07-27 05:54:10,375 - model_training - INFO - Memory usage: 82.7% (Used: 6.07GB, Available: 1.27GB)
2025-07-27 05:55:03,808 - model_training - INFO - Processing batch 945660 to 950660 (size: 5000)
2025-07-27 05:55:10,385 - model_training - INFO - Memory usage: 82.8% (Used: 6.08GB, Available: 1.26GB)
2025-07-27 05:56:10,416 - model_training - INFO - Memory usage: 83.0% (Used: 6.09GB, Available: 1.25GB)
2025-07-27 05:57:00,901 - model_training - INFO - Processing batch 950660 to 955660 (size: 5000)
2025-07-27 05:57:10,423 - model_training - INFO - Memory usage: 82.9% (Used: 6.09GB, Available: 1.26GB)
2025-07-27 05:58:10,428 - model_training - INFO - Memory usage: 82.6% (Used: 6.06GB, Available: 1.28GB)
2025-07-27 05:58:58,341 - model_training - INFO - Processing batch 955660 to 960660 (size: 5000)
2025-07-27 05:59:10,432 - model_training - INFO - Memory usage: 82.9% (Used: 6.09GB, Available: 1.26GB)
2025-07-27 06:00:10,436 - model_training - INFO - Memory usage: 82.7% (Used: 6.08GB, Available: 1.27GB)
2025-07-27 06:00:55,812 - model_training - INFO - Processing batch 960660 to 965660 (size: 5000)
2025-07-27 06:01:10,441 - model_training - INFO - Memory usage: 83.1% (Used: 6.10GB, Available: 1.24GB)
2025-07-27 06:02:10,445 - model_training - INFO - Memory usage: 83.2% (Used: 6.11GB, Available: 1.23GB)
2025-07-27 06:02:53,564 - model_training - INFO - Processing batch 965660 to 970660 (size: 5000)
2025-07-27 06:03:10,450 - model_training - INFO - Memory usage: 82.9% (Used: 6.09GB, Available: 1.25GB)
2025-07-27 06:04:10,454 - model_training - INFO - Memory usage: 83.0% (Used: 6.09GB, Available: 1.25GB)
2025-07-27 06:04:50,864 - model_training - INFO - Processing batch 970660 to 975660 (size: 5000)
2025-07-27 06:05:10,459 - model_training - INFO - Memory usage: 83.2% (Used: 6.11GB, Available: 1.23GB)
2025-07-27 06:06:10,463 - model_training - INFO - Memory usage: 82.8% (Used: 6.09GB, Available: 1.26GB)
2025-07-27 06:06:47,285 - model_training - INFO - Processing batch 975660 to 980660 (size: 5000)
2025-07-27 06:07:10,467 - model_training - INFO - Memory usage: 82.9% (Used: 6.09GB, Available: 1.25GB)
2025-07-27 06:08:10,472 - model_training - INFO - Memory usage: 83.1% (Used: 6.10GB, Available: 1.24GB)
2025-07-27 06:08:44,828 - model_training - INFO - Processing batch 980660 to 985660 (size: 5000)
2025-07-27 06:09:10,476 - model_training - INFO - Memory usage: 83.1% (Used: 6.10GB, Available: 1.24GB)
2025-07-27 06:10:10,480 - model_training - INFO - Memory usage: 83.2% (Used: 6.11GB, Available: 1.23GB)
2025-07-27 06:10:42,347 - model_training - INFO - Processing batch 985660 to 990660 (size: 5000)
2025-07-27 06:11:10,485 - model_training - INFO - Memory usage: 83.4% (Used: 6.13GB, Available: 1.22GB)
2025-07-27 06:12:10,490 - model_training - INFO - Memory usage: 83.4% (Used: 6.13GB, Available: 1.22GB)
2025-07-27 06:12:39,434 - model_training - INFO - Processing batch 990660 to 995660 (size: 5000)
2025-07-27 06:13:10,494 - model_training - INFO - Memory usage: 83.2% (Used: 6.11GB, Available: 1.23GB)
2025-07-27 06:14:10,498 - model_training - INFO - Memory usage: 83.4% (Used: 6.13GB, Available: 1.22GB)
2025-07-27 06:14:36,219 - model_training - INFO - Processing batch 995660 to 1000660 (size: 5000)
2025-07-27 06:15:10,502 - model_training - INFO - Memory usage: 83.2% (Used: 6.11GB, Available: 1.23GB)
2025-07-27 06:16:10,506 - model_training - INFO - Memory usage: 83.3% (Used: 6.12GB, Available: 1.23GB)
2025-07-27 06:16:33,896 - model_training - INFO - Processing batch 1000660 to 1005660 (size: 5000)
2025-07-27 06:17:10,511 - model_training - INFO - Memory usage: 83.5% (Used: 6.14GB, Available: 1.21GB)
2025-07-27 06:18:10,515 - model_training - INFO - Memory usage: 84.1% (Used: 6.18GB, Available: 1.17GB)
2025-07-27 06:18:31,609 - model_training - INFO - Processing batch 1005660 to 1010660 (size: 5000)
2025-07-27 06:19:10,519 - model_training - INFO - Memory usage: 84.1% (Used: 6.18GB, Available: 1.17GB)
2025-07-27 06:20:10,524 - model_training - INFO - Memory usage: 84.2% (Used: 6.19GB, Available: 1.16GB)
2025-07-27 06:20:28,504 - model_training - INFO - Processing batch 1010660 to 1015660 (size: 5000)
2025-07-27 06:21:10,528 - model_training - INFO - Memory usage: 84.1% (Used: 6.18GB, Available: 1.17GB)
2025-07-27 06:22:10,532 - model_training - INFO - Memory usage: 84.1% (Used: 6.18GB, Available: 1.17GB)
2025-07-27 06:22:25,746 - model_training - INFO - Processing batch 1015660 to 1020660 (size: 5000)
2025-07-27 06:23:10,536 - model_training - INFO - Memory usage: 84.4% (Used: 6.20GB, Available: 1.15GB)
2025-07-27 06:24:10,541 - model_training - INFO - Memory usage: 84.3% (Used: 6.19GB, Available: 1.15GB)
2025-07-27 06:24:23,045 - model_training - INFO - Processing batch 1020660 to 1025660 (size: 5000)
2025-07-27 06:25:10,545 - model_training - INFO - Memory usage: 84.2% (Used: 6.19GB, Available: 1.16GB)
2025-07-27 06:26:10,549 - model_training - INFO - Memory usage: 84.4% (Used: 6.20GB, Available: 1.14GB)
2025-07-27 06:26:20,847 - model_training - INFO - Processing batch 1025660 to 1030660 (size: 5000)
2025-07-27 06:27:10,554 - model_training - INFO - Memory usage: 84.6% (Used: 6.22GB, Available: 1.13GB)
2025-07-27 06:28:10,558 - model_training - INFO - Memory usage: 83.9% (Used: 6.16GB, Available: 1.19GB)
2025-07-27 06:28:18,722 - model_training - INFO - Processing batch 1030660 to 1035660 (size: 5000)
2025-07-27 06:29:10,563 - model_training - INFO - Memory usage: 84.1% (Used: 6.18GB, Available: 1.17GB)
2025-07-27 06:30:10,567 - model_training - INFO - Memory usage: 84.3% (Used: 6.19GB, Available: 1.15GB)
2025-07-27 06:30:17,033 - model_training - INFO - Processing batch 1035660 to 1040660 (size: 5000)
2025-07-27 06:31:10,572 - model_training - INFO - Memory usage: 84.3% (Used: 6.19GB, Available: 1.16GB)
2025-07-27 06:32:10,576 - model_training - INFO - Memory usage: 84.5% (Used: 6.20GB, Available: 1.14GB)
2025-07-27 06:32:15,832 - model_training - INFO - Processing batch 1040660 to 1045660 (size: 5000)
2025-07-27 06:33:10,581 - model_training - INFO - Memory usage: 84.3% (Used: 6.19GB, Available: 1.15GB)
2025-07-27 06:34:10,585 - model_training - INFO - Memory usage: 84.3% (Used: 6.19GB, Available: 1.15GB)
2025-07-27 06:34:14,350 - model_training - INFO - Processing batch 1045660 to 1050660 (size: 5000)
2025-07-27 06:35:10,589 - model_training - INFO - Memory usage: 84.4% (Used: 6.20GB, Available: 1.15GB)
2025-07-27 06:36:10,593 - model_training - INFO - Memory usage: 84.4% (Used: 6.20GB, Available: 1.14GB)
2025-07-27 06:36:11,943 - model_training - INFO - Processing batch 1050660 to 1055660 (size: 5000)
2025-07-27 06:37:10,597 - model_training - INFO - Memory usage: 84.3% (Used: 6.19GB, Available: 1.15GB)
2025-07-27 06:38:09,384 - model_training - INFO - Processing batch 1055660 to 1060660 (size: 5000)
2025-07-27 06:38:10,608 - model_training - INFO - Memory usage: 84.2% (Used: 6.18GB, Available: 1.16GB)
2025-07-27 06:39:10,641 - model_training - INFO - Memory usage: 84.4% (Used: 6.20GB, Available: 1.14GB)
2025-07-27 06:40:08,034 - model_training - INFO - Processing batch 1060660 to 1065660 (size: 5000)
2025-07-27 06:40:10,661 - model_training - INFO - Memory usage: 84.4% (Used: 6.20GB, Available: 1.15GB)
2025-07-27 06:41:10,692 - model_training - INFO - Memory usage: 84.4% (Used: 6.20GB, Available: 1.15GB)
2025-07-27 06:42:06,538 - model_training - INFO - Processing batch 1065660 to 1070660 (size: 5000)
2025-07-27 06:42:10,714 - model_training - INFO - Memory usage: 84.5% (Used: 6.21GB, Available: 1.14GB)
2025-07-27 06:43:10,745 - model_training - INFO - Memory usage: 84.1% (Used: 6.18GB, Available: 1.17GB)
2025-07-27 06:44:05,051 - model_training - INFO - Processing batch 1070660 to 1075660 (size: 5000)
2025-07-27 06:44:10,755 - model_training - INFO - Memory usage: 84.2% (Used: 6.18GB, Available: 1.16GB)
2025-07-27 06:45:10,786 - model_training - INFO - Memory usage: 84.2% (Used: 6.19GB, Available: 1.16GB)
2025-07-27 06:46:03,197 - model_training - INFO - Processing batch 1075660 to 1080660 (size: 5000)
2025-07-27 06:46:10,810 - model_training - INFO - Memory usage: 84.4% (Used: 6.20GB, Available: 1.15GB)
2025-07-27 06:47:10,857 - model_training - INFO - Memory usage: 84.4% (Used: 6.20GB, Available: 1.15GB)
2025-07-27 06:48:02,300 - model_training - INFO - Processing batch 1080660 to 1085660 (size: 5000)
2025-07-27 06:48:10,861 - model_training - INFO - Memory usage: 84.4% (Used: 6.20GB, Available: 1.14GB)
2025-07-27 06:49:10,866 - model_training - INFO - Memory usage: 84.5% (Used: 6.20GB, Available: 1.14GB)
2025-07-27 06:50:01,768 - model_training - INFO - Processing batch 1085660 to 1090660 (size: 5000)
2025-07-27 06:50:10,870 - model_training - INFO - Memory usage: 84.5% (Used: 6.20GB, Available: 1.14GB)
2025-07-27 06:51:10,875 - model_training - INFO - Memory usage: 84.6% (Used: 6.21GB, Available: 1.13GB)
2025-07-27 06:52:01,234 - model_training - INFO - Processing batch 1090660 to 1095660 (size: 5000)
2025-07-27 06:52:10,879 - model_training - INFO - Memory usage: 84.6% (Used: 6.22GB, Available: 1.13GB)
2025-07-27 06:53:10,883 - model_training - INFO - Memory usage: 84.6% (Used: 6.21GB, Available: 1.13GB)
2025-07-27 06:54:01,114 - model_training - INFO - Processing batch 1095660 to 1100660 (size: 5000)
2025-07-27 06:54:10,888 - model_training - INFO - Memory usage: 84.5% (Used: 6.21GB, Available: 1.14GB)
2025-07-27 06:55:10,892 - model_training - INFO - Memory usage: 84.5% (Used: 6.21GB, Available: 1.14GB)
2025-07-27 06:55:59,630 - model_training - INFO - Processing batch 1100660 to 1105660 (size: 5000)
2025-07-27 06:56:10,896 - model_training - INFO - Memory usage: 84.7% (Used: 6.22GB, Available: 1.13GB)
2025-07-27 06:57:10,901 - model_training - INFO - Memory usage: 84.6% (Used: 6.22GB, Available: 1.13GB)
2025-07-27 06:57:58,176 - model_training - INFO - Processing batch 1105660 to 1110660 (size: 5000)
2025-07-27 06:58:10,906 - model_training - INFO - Memory usage: 84.7% (Used: 6.22GB, Available: 1.12GB)
2025-07-27 06:59:10,910 - model_training - INFO - Memory usage: 85.3% (Used: 6.26GB, Available: 1.08GB)
2025-07-27 06:59:56,910 - model_training - WARNING - High memory usage (85.3%), reducing batch size to 5000
2025-07-27 06:59:56,910 - model_training - INFO - Processing batch 1110660 to 1115660 (size: 5000)
2025-07-27 07:00:10,914 - model_training - INFO - Memory usage: 85.3% (Used: 6.27GB, Available: 1.08GB)
2025-07-27 07:01:10,919 - model_training - INFO - Memory usage: 85.4% (Used: 6.27GB, Available: 1.07GB)
2025-07-27 07:01:55,437 - model_training - WARNING - High memory usage (85.4%), reducing batch size to 5000
2025-07-27 07:01:55,437 - model_training - INFO - Processing batch 1115660 to 1120660 (size: 5000)
2025-07-27 07:02:10,924 - model_training - INFO - Memory usage: 85.4% (Used: 6.27GB, Available: 1.07GB)
2025-07-27 07:03:10,928 - model_training - INFO - Memory usage: 85.6% (Used: 6.29GB, Available: 1.06GB)
2025-07-27 07:03:53,080 - model_training - WARNING - High memory usage (85.2%), reducing batch size to 5000
2025-07-27 07:03:53,081 - model_training - INFO - Processing batch 1120660 to 1125660 (size: 5000)
2025-07-27 07:04:10,932 - model_training - INFO - Memory usage: 85.2% (Used: 6.25GB, Available: 1.09GB)
2025-07-27 07:05:10,937 - model_training - INFO - Memory usage: 80.4% (Used: 5.90GB, Available: 1.44GB)
2025-07-27 07:05:51,167 - model_training - INFO - Processing batch 1125660 to 1130660 (size: 5000)
2025-07-27 07:06:10,939 - model_training - INFO - Memory usage: 80.8% (Used: 5.93GB, Available: 1.41GB)
2025-07-27 07:07:10,944 - model_training - INFO - Memory usage: 80.7% (Used: 5.93GB, Available: 1.41GB)
2025-07-27 07:07:50,409 - model_training - INFO - Processing batch 1130660 to 1135660 (size: 5000)
2025-07-27 07:08:10,948 - model_training - INFO - Memory usage: 80.7% (Used: 5.93GB, Available: 1.42GB)
2025-07-27 07:09:10,953 - model_training - INFO - Memory usage: 80.9% (Used: 5.94GB, Available: 1.40GB)
2025-07-27 07:09:47,564 - model_training - INFO - Processing batch 1135660 to 1140660 (size: 5000)
2025-07-27 07:10:10,957 - model_training - INFO - Memory usage: 81.3% (Used: 5.97GB, Available: 1.37GB)
2025-07-27 07:11:10,962 - model_training - INFO - Memory usage: 81.0% (Used: 5.95GB, Available: 1.40GB)
2025-07-27 07:11:44,693 - model_training - INFO - Processing batch 1140660 to 1145660 (size: 5000)
2025-07-27 07:12:10,966 - model_training - INFO - Memory usage: 81.1% (Used: 5.96GB, Available: 1.39GB)
2025-07-27 07:13:10,970 - model_training - INFO - Memory usage: 81.1% (Used: 5.96GB, Available: 1.39GB)
2025-07-27 07:13:43,307 - model_training - INFO - Processing batch 1145660 to 1150660 (size: 5000)
2025-07-27 07:14:10,974 - model_training - INFO - Memory usage: 81.1% (Used: 5.95GB, Available: 1.39GB)
2025-07-27 07:15:10,979 - model_training - INFO - Memory usage: 81.0% (Used: 5.95GB, Available: 1.40GB)
2025-07-27 07:15:40,102 - model_training - INFO - Processing batch 1150660 to 1155660 (size: 5000)
2025-07-27 07:16:10,983 - model_training - INFO - Memory usage: 81.0% (Used: 5.95GB, Available: 1.39GB)
2025-07-27 07:17:10,987 - model_training - INFO - Memory usage: 80.8% (Used: 5.94GB, Available: 1.41GB)
2025-07-27 07:17:36,640 - model_training - INFO - Processing batch 1155660 to 1160660 (size: 5000)
2025-07-27 07:18:10,991 - model_training - INFO - Memory usage: 80.5% (Used: 5.92GB, Available: 1.43GB)
2025-07-27 07:19:10,995 - model_training - INFO - Memory usage: 80.6% (Used: 5.92GB, Available: 1.42GB)
2025-07-27 07:19:34,154 - model_training - INFO - Processing batch 1160660 to 1165660 (size: 5000)
2025-07-27 07:20:11,000 - model_training - INFO - Memory usage: 81.1% (Used: 5.95GB, Available: 1.39GB)
2025-07-27 07:21:11,004 - model_training - INFO - Memory usage: 80.9% (Used: 5.94GB, Available: 1.41GB)
2025-07-27 07:21:33,383 - model_training - INFO - Processing batch 1165660 to 1170660 (size: 5000)
2025-07-27 07:22:11,009 - model_training - INFO - Memory usage: 80.8% (Used: 5.94GB, Available: 1.41GB)
2025-07-27 07:23:11,013 - model_training - INFO - Memory usage: 80.5% (Used: 5.91GB, Available: 1.43GB)
2025-07-27 07:23:32,281 - model_training - INFO - Processing batch 1170660 to 1175660 (size: 5000)
2025-07-27 07:24:11,018 - model_training - INFO - Memory usage: 80.7% (Used: 5.93GB, Available: 1.42GB)
2025-07-27 07:25:11,022 - model_training - INFO - Memory usage: 80.9% (Used: 5.95GB, Available: 1.40GB)
2025-07-27 07:25:30,967 - model_training - INFO - Processing batch 1175660 to 1180660 (size: 5000)
2025-07-27 07:26:11,027 - model_training - INFO - Memory usage: 80.8% (Used: 5.93GB, Available: 1.41GB)
2025-07-27 07:27:11,032 - model_training - INFO - Memory usage: 81.0% (Used: 5.95GB, Available: 1.39GB)
2025-07-27 07:27:29,090 - model_training - INFO - Processing batch 1180660 to 1185660 (size: 5000)
2025-07-27 07:28:11,036 - model_training - INFO - Memory usage: 80.8% (Used: 5.94GB, Available: 1.41GB)
2025-07-27 07:29:11,041 - model_training - INFO - Memory usage: 82.4% (Used: 6.05GB, Available: 1.30GB)
2025-07-27 07:29:27,691 - model_training - INFO - Processing batch 1185660 to 1190660 (size: 5000)
2025-07-27 07:30:11,045 - model_training - INFO - Memory usage: 82.5% (Used: 6.06GB, Available: 1.29GB)
2025-07-27 07:31:11,049 - model_training - INFO - Memory usage: 82.4% (Used: 6.05GB, Available: 1.29GB)
2025-07-27 07:31:25,627 - model_training - INFO - Processing batch 1190660 to 1195660 (size: 5000)
2025-07-27 07:32:11,054 - model_training - INFO - Memory usage: 82.6% (Used: 6.07GB, Available: 1.28GB)
2025-07-27 07:33:11,058 - model_training - INFO - Memory usage: 81.9% (Used: 6.02GB, Available: 1.33GB)
2025-07-27 07:33:23,482 - model_training - INFO - Processing batch 1195660 to 1200660 (size: 5000)
2025-07-27 07:34:11,062 - model_training - INFO - Memory usage: 82.1% (Used: 6.03GB, Available: 1.32GB)
2025-07-27 07:35:11,066 - model_training - INFO - Memory usage: 82.1% (Used: 6.03GB, Available: 1.32GB)
2025-07-27 07:35:22,484 - model_training - INFO - Processing batch 1200660 to 1205660 (size: 5000)
2025-07-27 07:36:11,072 - model_training - INFO - Memory usage: 82.2% (Used: 6.04GB, Available: 1.31GB)
2025-07-27 07:37:11,076 - model_training - INFO - Memory usage: 82.6% (Used: 6.06GB, Available: 1.28GB)
2025-07-27 07:37:20,331 - model_training - INFO - Processing batch 1205660 to 1210660 (size: 5000)
2025-07-27 07:38:11,080 - model_training - INFO - Memory usage: 82.3% (Used: 6.05GB, Available: 1.30GB)
2025-07-27 07:39:11,085 - model_training - INFO - Memory usage: 82.6% (Used: 6.07GB, Available: 1.28GB)
2025-07-27 07:39:18,499 - model_training - INFO - Processing batch 1210660 to 1215660 (size: 5000)
2025-07-27 07:40:11,089 - model_training - INFO - Memory usage: 82.6% (Used: 6.07GB, Available: 1.28GB)
2025-07-27 07:41:11,094 - model_training - INFO - Memory usage: 82.7% (Used: 6.08GB, Available: 1.27GB)
2025-07-27 07:41:16,925 - model_training - INFO - Processing batch 1215660 to 1220660 (size: 5000)
2025-07-27 07:42:11,098 - model_training - INFO - Memory usage: 83.6% (Used: 6.14GB, Available: 1.20GB)
2025-07-27 07:43:11,103 - model_training - INFO - Memory usage: 83.9% (Used: 6.16GB, Available: 1.18GB)
2025-07-27 07:43:12,898 - model_training - INFO - Processing batch 1220660 to 1225660 (size: 5000)
2025-07-27 07:44:11,107 - model_training - INFO - Memory usage: 84.1% (Used: 6.18GB, Available: 1.17GB)
2025-07-27 07:45:10,177 - model_training - INFO - Processing batch 1225660 to 1230660 (size: 5000)
2025-07-27 07:45:11,128 - model_training - INFO - Memory usage: 84.3% (Used: 6.19GB, Available: 1.15GB)
2025-07-27 07:46:11,159 - model_training - INFO - Memory usage: 84.0% (Used: 6.17GB, Available: 1.17GB)
2025-07-27 07:47:07,504 - model_training - INFO - Processing batch 1230660 to 1235660 (size: 5000)
2025-07-27 07:47:11,183 - model_training - INFO - Memory usage: 84.3% (Used: 6.19GB, Available: 1.16GB)
2025-07-27 07:48:11,214 - model_training - INFO - Memory usage: 83.6% (Used: 6.14GB, Available: 1.20GB)
2025-07-27 07:49:05,603 - model_training - INFO - Processing batch 1235660 to 1240660 (size: 5000)
2025-07-27 07:49:11,234 - model_training - INFO - Memory usage: 83.8% (Used: 6.16GB, Available: 1.19GB)
2025-07-27 07:50:11,265 - model_training - INFO - Memory usage: 83.9% (Used: 6.16GB, Available: 1.18GB)
2025-07-27 07:51:03,261 - model_training - INFO - Processing batch 1240660 to 1245660 (size: 5000)
2025-07-27 07:51:11,269 - model_training - INFO - Memory usage: 83.9% (Used: 6.16GB, Available: 1.18GB)
2025-07-27 07:52:11,274 - model_training - INFO - Memory usage: 84.5% (Used: 6.20GB, Available: 1.14GB)
2025-07-27 07:53:01,413 - model_training - INFO - Processing batch 1245660 to 1250660 (size: 5000)
2025-07-27 07:53:11,278 - model_training - INFO - Memory usage: 83.9% (Used: 6.16GB, Available: 1.18GB)
2025-07-27 07:54:11,282 - model_training - INFO - Memory usage: 83.6% (Used: 6.14GB, Available: 1.20GB)
2025-07-27 07:54:58,820 - model_training - INFO - Processing batch 1250660 to 1255660 (size: 5000)
2025-07-27 07:55:11,286 - model_training - INFO - Memory usage: 83.7% (Used: 6.15GB, Available: 1.20GB)
2025-07-27 07:56:11,290 - model_training - INFO - Memory usage: 83.9% (Used: 6.16GB, Available: 1.18GB)
2025-07-27 07:56:56,910 - model_training - INFO - Processing batch 1255660 to 1257935 (size: 2275)
2025-07-27 07:57:11,295 - model_training - INFO - Memory usage: 84.1% (Used: 6.17GB, Available: 1.17GB)
2025-07-27 07:57:50,547 - model_training - INFO - Creating movie indices...
2025-07-27 07:58:11,299 - model_training - INFO - Memory usage: 85.4% (Used: 6.27GB, Available: 1.08GB)
2025-07-27 07:59:11,303 - model_training - INFO - Memory usage: 85.3% (Used: 6.26GB, Available: 1.08GB)
2025-07-27 08:00:11,308 - model_training - INFO - Memory usage: 85.3% (Used: 6.26GB, Available: 1.08GB)
2025-07-27 08:01:11,312 - model_training - INFO - Memory usage: 85.3% (Used: 6.26GB, Available: 1.08GB)
2025-07-27 08:02:11,317 - model_training - INFO - Memory usage: 85.3% (Used: 6.26GB, Available: 1.08GB)
2025-07-27 08:03:11,321 - model_training - INFO - Memory usage: 84.3% (Used: 6.19GB, Available: 1.15GB)
2025-07-27 08:04:11,326 - model_training - INFO - Memory usage: 84.7% (Used: 6.22GB, Available: 1.12GB)
2025-07-27 08:05:11,330 - model_training - INFO - Memory usage: 84.8% (Used: 6.23GB, Available: 1.11GB)
2025-07-27 08:06:11,334 - model_training - INFO - Memory usage: 85.0% (Used: 6.24GB, Available: 1.10GB)
2025-07-27 08:07:11,339 - model_training - INFO - Memory usage: 85.0% (Used: 6.24GB, Available: 1.10GB)
2025-07-27 08:08:11,343 - model_training - INFO - Memory usage: 85.0% (Used: 6.25GB, Available: 1.10GB)
2025-07-27 08:09:11,347 - model_training - INFO - Memory usage: 85.6% (Used: 6.29GB, Available: 1.06GB)
2025-07-27 08:10:11,352 - model_training - INFO - Memory usage: 87.9% (Used: 6.46GB, Available: 0.89GB)
2025-07-27 08:11:11,356 - model_training - INFO - Memory usage: 83.7% (Used: 6.15GB, Available: 1.19GB)
2025-07-27 08:12:11,361 - model_training - INFO - Memory usage: 83.9% (Used: 6.16GB, Available: 1.19GB)
2025-07-27 08:13:11,365 - model_training - INFO - Memory usage: 83.7% (Used: 6.15GB, Available: 1.20GB)
2025-07-27 08:14:11,369 - model_training - INFO - Memory usage: 83.8% (Used: 6.16GB, Available: 1.19GB)
2025-07-27 08:14:18,636 - model_training - INFO - Saving preprocessed movies...
2025-07-27 08:15:11,373 - model_training - INFO - Memory usage: 87.9% (Used: 6.46GB, Available: 0.89GB)
2025-07-27 08:16:11,378 - model_training - INFO - Memory usage: 87.8% (Used: 6.45GB, Available: 0.89GB)
2025-07-27 08:17:11,382 - model_training - INFO - Memory usage: 87.6% (Used: 6.43GB, Available: 0.91GB)
2025-07-27 08:18:11,386 - model_training - INFO - Memory usage: 86.5% (Used: 6.35GB, Available: 0.99GB)
2025-07-27 08:19:11,391 - model_training - INFO - Memory usage: 87.3% (Used: 6.41GB, Available: 0.93GB)
2025-07-27 08:20:11,395 - model_training - INFO - Memory usage: 82.2% (Used: 6.04GB, Available: 1.31GB)
2025-07-27 08:21:11,399 - model_training - INFO - Memory usage: 82.3% (Used: 6.04GB, Available: 1.30GB)
2025-07-27 08:22:11,403 - model_training - INFO - Memory usage: 82.2% (Used: 6.03GB, Available: 1.31GB)
2025-07-27 08:23:11,407 - model_training - INFO - Memory usage: 81.9% (Used: 6.01GB, Available: 1.33GB)
2025-07-27 08:24:11,412 - model_training - INFO - Memory usage: 81.8% (Used: 6.01GB, Available: 1.34GB)
2025-07-27 08:25:11,416 - model_training - INFO - Memory usage: 81.6% (Used: 6.00GB, Available: 1.35GB)
2025-07-27 08:26:11,419 - model_training - INFO - Memory usage: 81.3% (Used: 5.97GB, Available: 1.37GB)
2025-07-27 08:27:11,423 - model_training - INFO - Memory usage: 83.3% (Used: 6.12GB, Available: 1.23GB)
2025-07-27 08:28:11,428 - model_training - INFO - Memory usage: 83.0% (Used: 6.10GB, Available: 1.25GB)
2025-07-27 08:29:11,432 - model_training - INFO - Memory usage: 82.7% (Used: 6.07GB, Available: 1.27GB)
2025-07-27 08:30:11,437 - model_training - INFO - Memory usage: 82.3% (Used: 6.04GB, Available: 1.30GB)
2025-07-27 08:31:11,441 - model_training - INFO - Memory usage: 82.5% (Used: 6.06GB, Available: 1.28GB)
2025-07-27 08:32:11,445 - model_training - INFO - Memory usage: 82.4% (Used: 6.06GB, Available: 1.29GB)
2025-07-27 08:33:11,450 - model_training - INFO - Memory usage: 81.5% (Used: 5.99GB, Available: 1.36GB)
2025-07-27 08:34:11,454 - model_training - INFO - Memory usage: 81.6% (Used: 6.00GB, Available: 1.35GB)
2025-07-27 08:34:51,606 - model_training - INFO - ANN processing complete
2025-07-27 08:34:54,485 - model_training - INFO - Saving TF-IDF model...
2025-07-27 08:34:55,377 - model_training - INFO - Saved models and metadata to models
2025-07-27 08:34:55,393 - model_training - INFO - Testing recommendations...
2025-07-27 08:34:55,564 - model_training - INFO - 
Recommendations for 'A Stinking Fairytale':
2025-07-27 08:34:55,571 - model_training - INFO - - Otra ciudad (ID: 159841.0, Similarity: 0.0684)
2025-07-27 08:34:55,574 - model_training - INFO - - Mansoru Maha Samudram (ID: 308214.0, Similarity: 0.0684)
2025-07-27 08:34:55,577 - model_training - INFO - - Schmutzige Hnde (ID: 308157.0, Similarity: 0.0684)
2025-07-27 08:34:55,616 - model_training - INFO - 
Recommendations for 'World of Tanks and People':
2025-07-27 08:34:55,620 - model_training - INFO - - Gnome World (ID: 1235964.0, Similarity: 0.3056)
2025-07-27 08:34:55,624 - model_training - INFO - - Wiz's World (ID: 1407101.0, Similarity: 0.3056)
2025-07-27 08:34:55,627 - model_training - INFO - - Not of This World (ID: 671748.0, Similarity: 0.3056)
2025-07-27 08:34:55,634 - model_training - INFO - 
Recommendations for 'Edges':
2025-07-27 08:34:55,640 - model_training - INFO - - Ice Antics (ID: 561902.0, Similarity: 0.5111)
2025-07-27 08:34:55,643 - model_training - INFO - - Dora the Explorer Dora's Ice Skating Spectacular (ID: 338795.0, Similarity: 0.4969)
2025-07-27 08:34:55,646 - model_training - INFO - - Triple Axxxel (ID: 823913.0, Similarity: 0.4772)
2025-07-27 08:34:56,064 - model_training - INFO - Model training completed in 561.81 minutes
2025-07-27 14:47:32,831 - model_training - INFO - Movie Recommendation Model Training
2025-07-27 14:47:32,831 - model_training - INFO - ==================================
2025-07-27 14:47:32,832 - model_training - INFO - Starting model training process...
2025-07-27 14:47:35,196 - model_training - INFO - Successfully loaded 1257935 movies from database
2025-07-27 14:47:50,118 - model_training - INFO - Data preprocessing complete. Features: ['id', 'title', 'overview', 'genres', 'vote_average', 'vote_count', 'popularity', 'release_date', 'poster_path', 'revenue', 'runtime', 'budget', 'content', 'weighted_rating', 'norm_rating', 'last_updated']
2025-07-27 14:47:50,122 - model_training - INFO - Training content-based model...
2025-07-30 18:11:04,404 - model_training - INFO - Movie Recommendation Model Training
2025-07-30 18:11:04,404 - model_training - INFO - ==================================
2025-07-30 18:11:04,404 - model_training - INFO - Starting model training process...
2025-07-30 18:11:06,712 - model_training - INFO - Successfully loaded 1257935 movies from database
2025-07-30 18:11:20,406 - model_training - INFO - Data preprocessing complete. Features: ['id', 'title', 'overview', 'genres', 'vote_average', 'vote_count', 'popularity', 'release_date', 'poster_path', 'revenue', 'runtime', 'budget', 'content', 'weighted_rating', 'norm_rating', 'last_updated']
2025-07-30 18:11:20,407 - model_training - INFO - Training content-based model...
